#-----------------------------------------------------------
# Vivado v2022.2.2 (64-bit)
# SW Build 3788238 on Tue Feb 21 19:59:23 MST 2023
# IP Build 3783773 on Tue Feb 21 23:41:56 MST 2023
# Start of session at: Sat Jun 15 10:33:35 2024
# Process ID: 39181
# Current directory: /mnt/Shared/SoC/Vivado/2_homework
# Command line: vivado
# Log file: /mnt/Shared/SoC/Vivado/2_homework/vivado.log
# Journal file: /mnt/Shared/SoC/Vivado/2_homework/vivado.jou
# Running On: tony-ubuntu, OS: Linux, CPU Frequency: 3258.910 MHz, CPU Physical cores: 14, Host memory: 33372 MB
#-----------------------------------------------------------
start_gui
WARNING: [Board 49-26] cannot add Board Part xilinx.com:k26c:part0:1.2 available at /home/tony/tools/xilinx/Vivado/2022.2/data/xhub/boards/XilinxBoardStore/boards/Xilinx/k26c/1.2/board.xml as part xck26-sfvc784-2lv-c specified in board_part file is either invalid or not available
WARNING: [Board 49-26] cannot add Board Part xilinx.com:k26c:part0:1.3 available at /home/tony/tools/xilinx/Vivado/2022.2/data/xhub/boards/XilinxBoardStore/boards/Xilinx/k26c/1.3/board.xml as part xck26-sfvc784-2lv-c specified in board_part file is either invalid or not available
WARNING: [Board 49-26] cannot add Board Part xilinx.com:k26c:part0:1.4 available at /home/tony/tools/xilinx/Vivado/2022.2/data/xhub/boards/XilinxBoardStore/boards/Xilinx/k26c/1.4/board.xml as part xck26-sfvc784-2lv-c specified in board_part file is either invalid or not available
WARNING: [Board 49-26] cannot add Board Part xilinx.com:k26i:part0:1.2 available at /home/tony/tools/xilinx/Vivado/2022.2/data/xhub/boards/XilinxBoardStore/boards/Xilinx/k26i/1.2/board.xml as part xck26-sfvc784-2lvi-i specified in board_part file is either invalid or not available
WARNING: [Board 49-26] cannot add Board Part xilinx.com:k26i:part0:1.3 available at /home/tony/tools/xilinx/Vivado/2022.2/data/xhub/boards/XilinxBoardStore/boards/Xilinx/k26i/1.3/board.xml as part xck26-sfvc784-2lvi-i specified in board_part file is either invalid or not available
WARNING: [Board 49-26] cannot add Board Part xilinx.com:k26i:part0:1.4 available at /home/tony/tools/xilinx/Vivado/2022.2/data/xhub/boards/XilinxBoardStore/boards/Xilinx/k26i/1.4/board.xml as part xck26-sfvc784-2lvi-i specified in board_part file is either invalid or not available
WARNING: [Board 49-26] cannot add Board Part xilinx.com:kc705:part0:1.6 available at /home/tony/tools/xilinx/Vivado/2022.2/data/xhub/boards/XilinxBoardStore/boards/Xilinx/kc705/1.6/board.xml as part xc7k325tffg900-2 specified in board_part file is either invalid or not available
WARNING: [Board 49-26] cannot add Board Part xilinx.com:kcu105:part0:1.6 available at /home/tony/tools/xilinx/Vivado/2022.2/data/xhub/boards/XilinxBoardStore/boards/Xilinx/kcu105/1.6/board.xml as part xcku040-ffva1156-2-e specified in board_part file is either invalid or not available
WARNING: [Board 49-26] cannot add Board Part xilinx.com:kcu105:part0:1.7 available at /home/tony/tools/xilinx/Vivado/2022.2/data/xhub/boards/XilinxBoardStore/boards/Xilinx/kcu105/1.7/board.xml as part xcku040-ffva1156-2-e specified in board_part file is either invalid or not available
WARNING: [Board 49-26] cannot add Board Part xilinx.com:kcu116:part0:1.4 available at /home/tony/tools/xilinx/Vivado/2022.2/data/xhub/boards/XilinxBoardStore/boards/Xilinx/kcu116/1.4/board.xml as part xcku5p-ffvb676-2-e specified in board_part file is either invalid or not available
WARNING: [Board 49-26] cannot add Board Part xilinx.com:kcu116:part0:1.5 available at /home/tony/tools/xilinx/Vivado/2022.2/data/xhub/boards/XilinxBoardStore/boards/Xilinx/kcu116/1.5/board.xml as part xcku5p-ffvb676-2-e specified in board_part file is either invalid or not available
WARNING: [Board 49-26] cannot add Board Part xilinx.com:kcu1500:part0:1.2 available at /home/tony/tools/xilinx/Vivado/2022.2/data/xhub/boards/XilinxBoardStore/boards/Xilinx/kcu1500/1.2/board.xml as part xcku115-flvb2104-2-e specified in board_part file is either invalid or not available
WARNING: [Board 49-26] cannot add Board Part xilinx.com:kr260_som:part0:1.0 available at /home/tony/tools/xilinx/Vivado/2022.2/data/xhub/boards/XilinxBoardStore/boards/Xilinx/kr260_som/1.0/board.xml as part xck26-sfvc784-2lv-c specified in board_part file is either invalid or not available
WARNING: [Board 49-26] cannot add Board Part xilinx.com:kr260_som:part0:1.1 available at /home/tony/tools/xilinx/Vivado/2022.2/data/xhub/boards/XilinxBoardStore/boards/Xilinx/kr260_som/1.1/board.xml as part xck26-sfvc784-2lv-c specified in board_part file is either invalid or not available
WARNING: [Board 49-26] cannot add Board Part xilinx.com:kv260_som:part0:1.2 available at /home/tony/tools/xilinx/Vivado/2022.2/data/xhub/boards/XilinxBoardStore/boards/Xilinx/kv260_som/1.2/board.xml as part xck26-sfvc784-2lv-c specified in board_part file is either invalid or not available
WARNING: [Board 49-26] cannot add Board Part xilinx.com:kv260_som:part0:1.3 available at /home/tony/tools/xilinx/Vivado/2022.2/data/xhub/boards/XilinxBoardStore/boards/Xilinx/kv260_som/1.3/board.xml as part xck26-sfvc784-2lv-c specified in board_part file is either invalid or not available
WARNING: [Board 49-26] cannot add Board Part xilinx.com:kv260_som:part0:1.4 available at /home/tony/tools/xilinx/Vivado/2022.2/data/xhub/boards/XilinxBoardStore/boards/Xilinx/kv260_som/1.4/board.xml as part xck26-sfvc784-2lv-c specified in board_part file is either invalid or not available
WARNING: [Board 49-26] cannot add Board Part xilinx.com:sp701:part0:1.0 available at /home/tony/tools/xilinx/Vivado/2022.2/data/xhub/boards/XilinxBoardStore/boards/Xilinx/sp701/1.0/board.xml as part xc7s100fgga676-2 specified in board_part file is either invalid or not available
WARNING: [Board 49-26] cannot add Board Part xilinx.com:sp701:part0:1.1 available at /home/tony/tools/xilinx/Vivado/2022.2/data/xhub/boards/XilinxBoardStore/boards/Xilinx/sp701/1.1/board.xml as part xc7s100fgga676-2 specified in board_part file is either invalid or not available
WARNING: [Board 49-26] cannot add Board Part xilinx.com:vc707:part0:1.4 available at /home/tony/tools/xilinx/Vivado/2022.2/data/xhub/boards/XilinxBoardStore/boards/Xilinx/vc707/1.4/board.xml as part xc7vx485tffg1761-2 specified in board_part file is either invalid or not available
WARNING: [Board 49-26] cannot add Board Part xilinx.com:vc709:part0:1.8 available at /home/tony/tools/xilinx/Vivado/2022.2/data/xhub/boards/XilinxBoardStore/boards/Xilinx/vc709/1.8/board.xml as part xc7vx690tffg1761-2 specified in board_part file is either invalid or not available
WARNING: [Board 49-26] cannot add Board Part xilinx.com:vck190:part0:2.2 available at /home/tony/tools/xilinx/Vivado/2022.2/data/xhub/boards/XilinxBoardStore/boards/Xilinx/vck190/production/2.2/board.xml as part xcvc1902-vsva2197-2mp-e-s specified in board_part file is either invalid or not available
WARNING: [Board 49-26] cannot add Board Part xilinx.com:vck190:part0:3.0 available at /home/tony/tools/xilinx/Vivado/2022.2/data/xhub/boards/XilinxBoardStore/boards/Xilinx/vck190/production/3.0/board.xml as part xcvc1902-vsva2197-2mp-e-s specified in board_part file is either invalid or not available
WARNING: [Board 49-26] cannot add Board Part xilinx.com:vck190:part0:3.1 available at /home/tony/tools/xilinx/Vivado/2022.2/data/xhub/boards/XilinxBoardStore/boards/Xilinx/vck190/production/3.1/board.xml as part xcvc1902-vsva2197-2mp-e-s specified in board_part file is either invalid or not available
WARNING: [Board 49-26] cannot add Board Part xilinx.com:vck190_newl:part0:1.0 available at /home/tony/tools/xilinx/Vivado/2022.2/data/xhub/boards/XilinxBoardStore/boards/Xilinx/vck190_newl/production/1.0/board.xml as part xcvc1902-vsva2197-2mp-e-s specified in board_part file is either invalid or not available
WARNING: [Board 49-26] cannot add Board Part xilinx.com:vcu108:part0:1.6 available at /home/tony/tools/xilinx/Vivado/2022.2/data/xhub/boards/XilinxBoardStore/boards/Xilinx/vcu108/1.6/board.xml as part xcvu095-ffva2104-2-e specified in board_part file is either invalid or not available
WARNING: [Board 49-26] cannot add Board Part xilinx.com:vcu108:part0:1.7 available at /home/tony/tools/xilinx/Vivado/2022.2/data/xhub/boards/XilinxBoardStore/boards/Xilinx/vcu108/1.7/board.xml as part xcvu095-ffva2104-2-e specified in board_part file is either invalid or not available
WARNING: [Board 49-26] cannot add Board Part xilinx.com:vcu110:part0:1.4 available at /home/tony/tools/xilinx/Vivado/2022.2/data/xhub/boards/XilinxBoardStore/boards/Xilinx/vcu110/1.4/board.xml as part xcvu190-flgc2104-2-e specified in board_part file is either invalid or not available
WARNING: [Board 49-26] cannot add Board Part xilinx.com:vcu118:part0:2.0 available at /home/tony/tools/xilinx/Vivado/2022.2/data/xhub/boards/XilinxBoardStore/boards/Xilinx/vcu118/2.0/board.xml as part xcvu9p-flga2104-2l-e specified in board_part file is either invalid or not available
WARNING: [Board 49-26] cannot add Board Part xilinx.com:vcu118:part0:2.3 available at /home/tony/tools/xilinx/Vivado/2022.2/data/xhub/boards/XilinxBoardStore/boards/Xilinx/vcu118/2.3/board.xml as part xcvu9p-flga2104-2l-e specified in board_part file is either invalid or not available
WARNING: [Board 49-26] cannot add Board Part xilinx.com:vcu118:part0:2.4 available at /home/tony/tools/xilinx/Vivado/2022.2/data/xhub/boards/XilinxBoardStore/boards/Xilinx/vcu118/2.4/board.xml as part xcvu9p-flga2104-2l-e specified in board_part file is either invalid or not available
WARNING: [Board 49-26] cannot add Board Part xilinx.com:vcu128:part0:1.0 available at /home/tony/tools/xilinx/Vivado/2022.2/data/xhub/boards/XilinxBoardStore/boards/Xilinx/vcu128/production/1.0/board.xml as part xcvu37p-fsvh2892-2l-e specified in board_part file is either invalid or not available
WARNING: [Board 49-26] cannot add Board Part xilinx.com:vcu129:part0:1.0 available at /home/tony/tools/xilinx/Vivado/2022.2/data/xhub/boards/XilinxBoardStore/boards/Xilinx/vcu129/production/1.0/board.xml as part xcvu29p-fsga2577-2l-e specified in board_part file is either invalid or not available
WARNING: [Board 49-26] cannot add Board Part xilinx.com:vcu1525:part0:1.3 available at /home/tony/tools/xilinx/Vivado/2022.2/data/xhub/boards/XilinxBoardStore/boards/Xilinx/vcu1525/1.3/board.xml as part xcvu9p-fsgd2104-2l-e specified in board_part file is either invalid or not available
WARNING: [Board 49-26] cannot add Board Part xilinx.com:vek280_es:part0:1.0 available at /home/tony/tools/xilinx/Vivado/2022.2/data/xhub/boards/XilinxBoardStore/boards/Xilinx/vek280/es/rev_a/1.0/board.xml as part xcve2802-vsvh1760-2lp-e-s-es1 specified in board_part file is either invalid or not available
WARNING: [Board 49-26] cannot add Board Part xilinx.com:vek280_es_revb:part0:1.0 available at /home/tony/tools/xilinx/Vivado/2022.2/data/xhub/boards/XilinxBoardStore/boards/Xilinx/vek280/es/rev_b/1.0/board.xml as part xcve2802-vsvh1760-2mp-e-s-es1 specified in board_part file is either invalid or not available
WARNING: [Board 49-26] cannot add Board Part xilinx.com:vermeo_t1_mpsoc:part0:1.0 available at /home/tony/tools/xilinx/Vivado/2022.2/data/xhub/boards/XilinxBoardStore/boards/Xilinx/vermeo_t1_mpsoc/1.0/board.xml as part xczu19eg-ffvd1760-2l-e specified in board_part file is either invalid or not available
WARNING: [Board 49-26] cannot add Board Part xilinx.com:vermeo_t1_rfsoc:part0:1.0 available at /home/tony/tools/xilinx/Vivado/2022.2/data/xhub/boards/XilinxBoardStore/boards/Xilinx/vermeo_t1_rfsoc/1.0/board.xml as part xczu21dr-ffvd1156-2l-e specified in board_part file is either invalid or not available
WARNING: [Board 49-26] cannot add Board Part xilinx.com:vhk158_es:part0:1.0 available at /home/tony/tools/xilinx/Vivado/2022.2/data/xhub/boards/XilinxBoardStore/boards/Xilinx/vhk158/es/1.0/board.xml as part xcvh1582-vsva3697-2mp-e-s-es1 specified in board_part file is either invalid or not available
WARNING: [Board 49-26] cannot add Board Part xilinx.com:vmk180:part0:2.2 available at /home/tony/tools/xilinx/Vivado/2022.2/data/xhub/boards/XilinxBoardStore/boards/Xilinx/vmk180/production/2.2/board.xml as part xcvm1802-vsva2197-2mp-e-s specified in board_part file is either invalid or not available
WARNING: [Board 49-26] cannot add Board Part xilinx.com:vmk180:part0:3.0 available at /home/tony/tools/xilinx/Vivado/2022.2/data/xhub/boards/XilinxBoardStore/boards/Xilinx/vmk180/production/3.0/board.xml as part xcvm1802-vsva2197-2mp-e-s specified in board_part file is either invalid or not available
WARNING: [Board 49-26] cannot add Board Part xilinx.com:vmk180:part0:3.1 available at /home/tony/tools/xilinx/Vivado/2022.2/data/xhub/boards/XilinxBoardStore/boards/Xilinx/vmk180/production/3.1/board.xml as part xcvm1802-vsva2197-2mp-e-s specified in board_part file is either invalid or not available
WARNING: [Board 49-26] cannot add Board Part xilinx.com:vmk180_newl:part0:1.0 available at /home/tony/tools/xilinx/Vivado/2022.2/data/xhub/boards/XilinxBoardStore/boards/Xilinx/vmk180_newl/production/1.0/board.xml as part xcvm1802-vsva2197-2mp-e-s specified in board_part file is either invalid or not available
WARNING: [Board 49-26] cannot add Board Part xilinx.com:vpk120:part0:1.0 available at /home/tony/tools/xilinx/Vivado/2022.2/data/xhub/boards/XilinxBoardStore/boards/Xilinx/vpk120/production/1.0/board.xml as part xcvp1202-vsva2785-2mp-e-s specified in board_part file is either invalid or not available
WARNING: [Board 49-26] cannot add Board Part xilinx.com:vpk120_es:part0:1.2 available at /home/tony/tools/xilinx/Vivado/2022.2/data/xhub/boards/XilinxBoardStore/boards/Xilinx/vpk120/es/1.2/board.xml as part xcvp1202-vsva2785-2mp-e-s-es1 specified in board_part file is either invalid or not available
WARNING: [Board 49-26] cannot add Board Part xilinx.com:vpk120_es_revb:part0:1.0 available at /home/tony/tools/xilinx/Vivado/2022.2/data/xhub/boards/XilinxBoardStore/boards/Xilinx/vpk120_revb/es/1.0/board.xml as part xcvp1202-vsva2785-2mp-e-s-es1 specified in board_part file is either invalid or not available
WARNING: [Board 49-26] cannot add Board Part xilinx.com:vpk180_es:part0:1.0 available at /home/tony/tools/xilinx/Vivado/2022.2/data/xhub/boards/XilinxBoardStore/boards/Xilinx/vpk180/es/1.0/board.xml as part xcvp1802-lsvc4072-2mp-e-s-es1 specified in board_part file is either invalid or not available
WARNING: [Board 49-26] cannot add Board Part xilinx.com:zcu102:part0:3.3 available at /home/tony/tools/xilinx/Vivado/2022.2/data/xhub/boards/XilinxBoardStore/boards/Xilinx/zcu102/3.3/board.xml as part xczu9eg-ffvb1156-2-e specified in board_part file is either invalid or not available
WARNING: [Board 49-26] cannot add Board Part xilinx.com:zcu102:part0:3.4 available at /home/tony/tools/xilinx/Vivado/2022.2/data/xhub/boards/XilinxBoardStore/boards/Xilinx/zcu102/3.4/board.xml as part xczu9eg-ffvb1156-2-e specified in board_part file is either invalid or not available
WARNING: [Board 49-26] cannot add Board Part xilinx.com:zcu104:part0:1.1 available at /home/tony/tools/xilinx/Vivado/2022.2/data/xhub/boards/XilinxBoardStore/boards/Xilinx/zcu104/1.1/board.xml as part xczu7ev-ffvc1156-2-e specified in board_part file is either invalid or not available
WARNING: [Board 49-26] cannot add Board Part xilinx.com:zcu106:part0:2.4 available at /home/tony/tools/xilinx/Vivado/2022.2/data/xhub/boards/XilinxBoardStore/boards/Xilinx/zcu106/2.4/board.xml as part xczu7ev-ffvc1156-2-e specified in board_part file is either invalid or not available
WARNING: [Board 49-26] cannot add Board Part xilinx.com:zcu106:part0:2.5 available at /home/tony/tools/xilinx/Vivado/2022.2/data/xhub/boards/XilinxBoardStore/boards/Xilinx/zcu106/2.5/board.xml as part xczu7ev-ffvc1156-2-e specified in board_part file is either invalid or not available
WARNING: [Board 49-26] cannot add Board Part xilinx.com:zcu106:part0:2.6 available at /home/tony/tools/xilinx/Vivado/2022.2/data/xhub/boards/XilinxBoardStore/boards/Xilinx/zcu106/2.6/board.xml as part xczu7ev-ffvc1156-2-e specified in board_part file is either invalid or not available
WARNING: [Board 49-26] cannot add Board Part xilinx.com:zcu111:part0:1.2 available at /home/tony/tools/xilinx/Vivado/2022.2/data/xhub/boards/XilinxBoardStore/boards/Xilinx/zcu111/1.2/board.xml as part xczu28dr-ffvg1517-2-e specified in board_part file is either invalid or not available
WARNING: [Board 49-26] cannot add Board Part xilinx.com:zcu111:part0:1.3 available at /home/tony/tools/xilinx/Vivado/2022.2/data/xhub/boards/XilinxBoardStore/boards/Xilinx/zcu111/1.3/board.xml as part xczu28dr-ffvg1517-2-e specified in board_part file is either invalid or not available
WARNING: [Board 49-26] cannot add Board Part xilinx.com:zcu111:part0:1.4 available at /home/tony/tools/xilinx/Vivado/2022.2/data/xhub/boards/XilinxBoardStore/boards/Xilinx/zcu111/1.4/board.xml as part xczu28dr-ffvg1517-2-e specified in board_part file is either invalid or not available
WARNING: [Board 49-26] cannot add Board Part xilinx.com:zcu1275:part0:1.0 available at /home/tony/tools/xilinx/Vivado/2022.2/data/xhub/boards/XilinxBoardStore/boards/Xilinx/zcu1275/1.0/board.xml as part xczu29dr-ffvf1760-2-e specified in board_part file is either invalid or not available
WARNING: [Board 49-26] cannot add Board Part xilinx.com:zcu1285:part0:1.0 available at /home/tony/tools/xilinx/Vivado/2022.2/data/xhub/boards/XilinxBoardStore/boards/Xilinx/zcu1285/1.0/board.xml as part xczu39dr-ffvf1760-2-i specified in board_part file is either invalid or not available
WARNING: [Board 49-26] cannot add Board Part xilinx.com:zcu208:part0:2.0 available at /home/tony/tools/xilinx/Vivado/2022.2/data/xhub/boards/XilinxBoardStore/boards/Xilinx/zcu208/production/2.0/board.xml as part xczu48dr-fsvg1517-2-e specified in board_part file is either invalid or not available
WARNING: [Board 49-26] cannot add Board Part xilinx.com:zcu208ld:part0:2.0 available at /home/tony/tools/xilinx/Vivado/2022.2/data/xhub/boards/XilinxBoardStore/boards/Xilinx/zcu208ld/production/2.0/board.xml as part xczu58dr-fsvg1517-2-i specified in board_part file is either invalid or not available
WARNING: [Board 49-26] cannot add Board Part xilinx.com:zcu216:part0:2.0 available at /home/tony/tools/xilinx/Vivado/2022.2/data/xhub/boards/XilinxBoardStore/boards/Xilinx/zcu216/production/2.0/board.xml as part xczu49dr-ffvf1760-2-e specified in board_part file is either invalid or not available
WARNING: [Board 49-26] cannot add Board Part xilinx.com:zcu216ld:part0:2.0 available at /home/tony/tools/xilinx/Vivado/2022.2/data/xhub/boards/XilinxBoardStore/boards/Xilinx/zcu216ld/production/2.0/board.xml as part xczu59dr-ffvf1760-2-i specified in board_part file is either invalid or not available
WARNING: [Board 49-26] cannot add Board Part xilinx.com:zcu670:part0:2.0 available at /home/tony/tools/xilinx/Vivado/2022.2/data/xhub/boards/XilinxBoardStore/boards/Xilinx/zcu670/2.0/board.xml as part xczu67dr-fsve1156-2-i specified in board_part file is either invalid or not available
WARNING: [Board 49-26] cannot add Board Part xilinx.com:zcu670ld:part0:1.0 available at /home/tony/tools/xilinx/Vivado/2022.2/data/xhub/boards/XilinxBoardStore/boards/Xilinx/zcu670ld/1.0/board.xml as part xczu57dr-fsve1156-2-i specified in board_part file is either invalid or not available
open_project /mnt/Shared/SoC/Vivado/2_homework/2_homework.xpr
Scanning sources...
Finished scanning sources
INFO: [IP_Flow 19-234] Refreshing IP repositories
INFO: [IP_Flow 19-1704] No user IP repositories specified
INFO: [IP_Flow 19-2313] Loaded Vivado IP repository '/home/tony/tools/xilinx/Vivado/2022.2/data/ip'.
update_compile_order -fileset sources_1
close [ open /mnt/Shared/SoC/Vivado/2_homework/2_homework.srcs/sources_1/new/branch_resolution.v w ]
add_files /mnt/Shared/SoC/Vivado/2_homework/2_homework.srcs/sources_1/new/branch_resolution.v
update_compile_order -fileset sources_1
update_compile_order -fileset sources_1
WARNING: [IP_Flow 19-4067] Ignoring invalid widget type specified checkbox.Providing a default widget
WARNING: [IP_Flow 19-4067] Ignoring invalid widget type specified checkbox.Providing a default widget
set_property top tb_RV32I_SoC [get_filesets sim_1]
set_property top_lib xil_defaultlib [get_filesets sim_1]
update_compile_order -fileset sim_1
launch_simulation
Command: launch_simulation 
INFO: [Vivado 12-12493] Simulation top is 'tb_RV32I_SoC'
WARNING: [Vivado 12-13277] Compiled library path does not exist: ''
INFO: [Vivado 12-5698] Checking validity of IPs in the design for the 'XSim' simulator...
INFO: [Vivado 12-5682] Launching behavioral simulation in '/mnt/Shared/SoC/Vivado/2_homework/2_homework.sim/sim_1/behav/xsim'
INFO: [Vivado 12-4795] Using compiled simulation libraries for IPs
INFO: [SIM-utils-51] Simulation object is 'sim_1'
INFO: [SIM-utils-72] Using boost library from '/home/tony/tools/xilinx/Vivado/2022.2/tps/boost_1_72_0'
INFO: [USF-XSim-7] Finding pre-compiled libraries...
INFO: [USF-XSim-11] File '/home/tony/tools/xilinx/Vivado/2022.2/data/xsim/xsim.ini' copied to run dir:'/mnt/Shared/SoC/Vivado/2_homework/2_homework.sim/sim_1/behav/xsim'
INFO: [SIM-utils-54] Inspecting design source files for 'tb_RV32I_SoC' in fileset 'sim_1'...
INFO: [SIM-utils-43] Exported '/mnt/Shared/SoC/Vivado/2_homework/2_homework.sim/sim_1/behav/xsim/ram_2port_2048x32.mif'
INFO: [SIM-utils-43] Exported '/mnt/Shared/SoC/Vivado/2_homework/2_homework.sim/sim_1/behav/xsim/insts_data.coe'
INFO: [USF-XSim-97] Finding global include files...
INFO: [USF-XSim-98] Fetching design files from 'sim_1'...
INFO: [USF-XSim-2] XSim::Compile design
INFO: [USF-XSim-61] Executing 'COMPILE and ANALYZE' step in '/mnt/Shared/SoC/Vivado/2_homework/2_homework.sim/sim_1/behav/xsim'
xvlog --incr --relax -prj tb_RV32I_SoC_vlog.prj
INFO: [VRFC 10-2263] Analyzing Verilog file "/mnt/Shared/SoC/Vivado/2_homework/2_homework.gen/sources_1/ip/clk_wiz_0/clk_wiz_0_clk_wiz.v" into library xil_defaultlib
INFO: [VRFC 10-311] analyzing module clk_wiz_0_clk_wiz
INFO: [VRFC 10-2263] Analyzing Verilog file "/mnt/Shared/SoC/Vivado/2_homework/2_homework.gen/sources_1/ip/clk_wiz_0/clk_wiz_0.v" into library xil_defaultlib
INFO: [VRFC 10-311] analyzing module clk_wiz_0
INFO: [VRFC 10-2263] Analyzing Verilog file "/mnt/Shared/SoC/Vivado/2_homework/2_homework.gen/sources_1/ip/ram_2port_2048x32/sim/ram_2port_2048x32.v" into library xil_defaultlib
INFO: [VRFC 10-311] analyzing module ram_2port_2048x32
INFO: [VRFC 10-2263] Analyzing Verilog file "/mnt/Shared/SoC/Vivado/2_homework/2_homework.srcs/sources_1/new/Addr_Decoder.v" into library xil_defaultlib
INFO: [VRFC 10-311] analyzing module Addr_Decoder
INFO: [VRFC 10-2263] Analyzing Verilog file "/mnt/Shared/SoC/Vivado/2_homework/2_homework.srcs/sources_1/new/GPIO.v" into library xil_defaultlib
INFO: [VRFC 10-311] analyzing module GPIO
INFO: [VRFC 10-2263] Analyzing Verilog file "/mnt/Shared/SoC/Vivado/2_homework/2_homework.srcs/sources_1/new/RV32I_SoC.v" into library xil_defaultlib
INFO: [VRFC 10-311] analyzing module RV32I_SoC
INFO: [VRFC 10-2263] Analyzing Verilog file "/mnt/Shared/SoC/Vivado/2_homework/2_homework.srcs/sources_1/new/alu.v" into library xil_defaultlib
INFO: [VRFC 10-311] analyzing module alu
INFO: [VRFC 10-2263] Analyzing Verilog file "/mnt/Shared/SoC/Vivado/2_homework/2_homework.srcs/sources_1/new/branch_resolution.v" into library xil_defaultlib
INFO: [VRFC 10-311] analyzing module branch_resolution
INFO: [VRFC 10-2263] Analyzing Verilog file "/mnt/Shared/SoC/Vivado/2_homework/2_homework.srcs/sources_1/new/brent_kung_add_32bit.v" into library xil_defaultlib
INFO: [VRFC 10-311] analyzing module brent_kung_add_32bit
INFO: [VRFC 10-2263] Analyzing Verilog file "/mnt/Shared/SoC/Vivado/2_homework/2_homework.srcs/sources_1/new/g_2bits.v" into library xil_defaultlib
INFO: [VRFC 10-311] analyzing module g_2bits
INFO: [VRFC 10-2263] Analyzing Verilog file "/mnt/Shared/SoC/Vivado/2_homework/2_homework.srcs/sources_1/new/p_2bits.v" into library xil_defaultlib
INFO: [VRFC 10-311] analyzing module p_2bits
INFO: [VRFC 10-2263] Analyzing Verilog file "/mnt/Shared/SoC/Vivado/2_homework/2_homework.srcs/sources_1/new/regfile.v" into library xil_defaultlib
INFO: [VRFC 10-311] analyzing module regfile
INFO: [VRFC 10-2263] Analyzing Verilog file "/mnt/Shared/SoC/Vivado/2_homework/2_homework.srcs/sources_1/new/rv32i_cpu.v" into library xil_defaultlib
INFO: [VRFC 10-311] analyzing module rv32i_cpu
INFO: [VRFC 10-2263] Analyzing Verilog file "/mnt/Shared/SoC/Vivado/2_homework/2_homework.srcs/sources_1/new/seg7.v" into library xil_defaultlib
INFO: [VRFC 10-311] analyzing module seg7
INFO: [VRFC 10-2263] Analyzing Verilog file "/mnt/Shared/SoC/Vivado/2_homework/2_homework.srcs/sim_1/new/tb_RV32I_SoC.v" into library xil_defaultlib
INFO: [VRFC 10-311] analyzing module tb_RV32I_SoC
Waiting for jobs to finish...
No pending jobs, compilation finished.
INFO: [USF-XSim-69] 'compile' step finished in '1' seconds
INFO: [USF-XSim-3] XSim::Elaborate design
INFO: [USF-XSim-61] Executing 'ELABORATE' step in '/mnt/Shared/SoC/Vivado/2_homework/2_homework.sim/sim_1/behav/xsim'
xelab --incr --debug typical --relax --mt 8 -L xil_defaultlib -L blk_mem_gen_v8_4_5 -L unisims_ver -L unimacro_ver -L secureip -L xpm --snapshot tb_RV32I_SoC_behav xil_defaultlib.tb_RV32I_SoC xil_defaultlib.glbl -log elaborate.log
Vivado Simulator v2022.2.2
Copyright 1986-1999, 2001-2022 Xilinx, Inc. All Rights Reserved.
Running: /home/tony/tools/xilinx/Vivado/2022.2/bin/unwrapped/lnx64.o/xelab --incr --debug typical --relax --mt 8 -L xil_defaultlib -L blk_mem_gen_v8_4_5 -L unisims_ver -L unimacro_ver -L secureip -L xpm --snapshot tb_RV32I_SoC_behav xil_defaultlib.tb_RV32I_SoC xil_defaultlib.glbl -log elaborate.log 
Using 8 slave threads.
Starting static elaboration
Pass Through NonSizing Optimizer
WARNING: [VRFC 10-3091] actual bit length 1 differs from formal bit length 4 for port 'wea' [/mnt/Shared/SoC/Vivado/2_homework/2_homework.srcs/sources_1/new/RV32I_SoC.v:42]
WARNING: [VRFC 10-3091] actual bit length 4 differs from formal bit length 1 for port 'REN' [/mnt/Shared/SoC/Vivado/2_homework/2_homework.srcs/sources_1/new/RV32I_SoC.v:94]
WARNING: [VRFC 10-3091] actual bit length 4 differs from formal bit length 1 for port 'WEN' [/mnt/Shared/SoC/Vivado/2_homework/2_homework.srcs/sources_1/new/RV32I_SoC.v:95]
WARNING: [VRFC 10-3091] actual bit length 32 differs from formal bit length 12 for port 'Addr' [/mnt/Shared/SoC/Vivado/2_homework/2_homework.srcs/sources_1/new/RV32I_SoC.v:96]
Completed static elaboration
Starting simulation data flow analysis
Completed simulation data flow analysis
Time Resolution for simulation is 1ps
Compiling module blk_mem_gen_v8_4_5.blk_mem_gen_v8_4_5_output_stage(...
Compiling module blk_mem_gen_v8_4_5.blk_mem_gen_v8_4_5_softecc_outpu...
Compiling module blk_mem_gen_v8_4_5.blk_mem_gen_v8_4_5_mem_module(C_...
Compiling module blk_mem_gen_v8_4_5.blk_mem_gen_v8_4_5(C_FAMILY="zyn...
Compiling module xil_defaultlib.ram_2port_2048x32
Compiling module unisims_ver.IBUF
Compiling module unisims_ver.MMCME2_ADV(CLKFBOUT_MULT_F=8.0,C...
Compiling module unisims_ver.BUFG
Compiling module xil_defaultlib.clk_wiz_0_clk_wiz
Compiling module xil_defaultlib.clk_wiz_0
Compiling module xil_defaultlib.branch_resolution
Compiling module xil_defaultlib.regfile
Compiling module xil_defaultlib.g_2bits
Compiling module xil_defaultlib.p_2bits
Compiling module xil_defaultlib.brent_kung_add_32bit_default
Compiling module xil_defaultlib.alu
Compiling module xil_defaultlib.rv32i_cpu
Compiling module xil_defaultlib.Addr_Decoder
Compiling module xil_defaultlib.GPIO
Compiling module xil_defaultlib.seg7
Compiling module xil_defaultlib.RV32I_SoC
Compiling module xil_defaultlib.tb_RV32I_SoC
Compiling module xil_defaultlib.glbl
Built simulation snapshot tb_RV32I_SoC_behav
INFO: [USF-XSim-69] 'elaborate' step finished in '3' seconds
INFO: [USF-XSim-4] XSim::Simulate design
INFO: [USF-XSim-61] Executing 'SIMULATE' step in '/mnt/Shared/SoC/Vivado/2_homework/2_homework.sim/sim_1/behav/xsim'
INFO: [USF-XSim-98] *** Running xsim
   with args "tb_RV32I_SoC_behav -key {Behavioral:sim_1:Functional:tb_RV32I_SoC} -tclbatch {tb_RV32I_SoC.tcl} -view {/mnt/Shared/SoC/Vivado/2_homework/tb_RV32I_SoC_behav.wcfg} -log {simulate.log}"
INFO: [USF-XSim-8] Loading simulator feature
Time resolution is 1 ps
open_wave_config /mnt/Shared/SoC/Vivado/2_homework/tb_RV32I_SoC_behav.wcfg
source tb_RV32I_SoC.tcl
# set curr_wave [current_wave_config]
# if { [string length $curr_wave] == 0 } {
#   if { [llength [get_objects]] > 0} {
#     add_wave /
#     set_property needs_save false [current_wave_config]
#   } else {
#      send_msg_id Add_Wave-1 WARNING "No top level signals found. Simulator will start without a wave window. If you want to open a wave window go to 'File->New Waveform Configuration' or type 'create_wave_config' in the TCL console."
#   }
# }
# run 1000ns
 Block Memory Generator module loading initial data...
 Block Memory Generator data initialization complete.
Block Memory Generator module tb_RV32I_SoC.DUT.iMEM.inst.\native_mem_module.blk_mem_gen_v8_4_5_inst  is using a behavioral model for simulation which will not precisely model memory collision behavior.
INFO: [USF-XSim-96] XSim completed. Design snapshot 'tb_RV32I_SoC_behav' loaded.
INFO: [USF-XSim-97] XSim simulation ran for 1000ns
launch_simulation: Time (s): cpu = 00:00:08 ; elapsed = 00:00:06 . Memory (MB): peak = 9742.770 ; gain = 99.441 ; free physical = 20240 ; free virtual = 65144
relaunch_sim
Command: launch_simulation -step compile -simset sim_1 -mode behavioral
INFO: [Vivado 12-12493] Simulation top is 'tb_RV32I_SoC'
WARNING: [Vivado 12-13277] Compiled library path does not exist: ''
INFO: [Vivado 12-5698] Checking validity of IPs in the design for the 'XSim' simulator...
INFO: [Vivado 12-5682] Launching behavioral simulation in '/mnt/Shared/SoC/Vivado/2_homework/2_homework.sim/sim_1/behav/xsim'
INFO: [Vivado 12-4795] Using compiled simulation libraries for IPs
INFO: [SIM-utils-51] Simulation object is 'sim_1'
INFO: [SIM-utils-72] Using boost library from '/home/tony/tools/xilinx/Vivado/2022.2/tps/boost_1_72_0'
INFO: [USF-XSim-7] Finding pre-compiled libraries...
INFO: [USF-XSim-11] File '/home/tony/tools/xilinx/Vivado/2022.2/data/xsim/xsim.ini' copied to run dir:'/mnt/Shared/SoC/Vivado/2_homework/2_homework.sim/sim_1/behav/xsim'
INFO: [SIM-utils-54] Inspecting design source files for 'tb_RV32I_SoC' in fileset 'sim_1'...
INFO: [SIM-utils-43] Exported '/mnt/Shared/SoC/Vivado/2_homework/2_homework.sim/sim_1/behav/xsim/ram_2port_2048x32.mif'
INFO: [SIM-utils-43] Exported '/mnt/Shared/SoC/Vivado/2_homework/2_homework.sim/sim_1/behav/xsim/insts_data.coe'
INFO: [USF-XSim-97] Finding global include files...
INFO: [USF-XSim-98] Fetching design files from 'sim_1'...
INFO: [USF-XSim-2] XSim::Compile design
INFO: [USF-XSim-61] Executing 'COMPILE and ANALYZE' step in '/mnt/Shared/SoC/Vivado/2_homework/2_homework.sim/sim_1/behav/xsim'
xvlog --incr --relax -prj tb_RV32I_SoC_vlog.prj
INFO: [VRFC 10-2263] Analyzing Verilog file "/mnt/Shared/SoC/Vivado/2_homework/2_homework.gen/sources_1/ip/clk_wiz_0/clk_wiz_0_clk_wiz.v" into library xil_defaultlib
INFO: [VRFC 10-311] analyzing module clk_wiz_0_clk_wiz
INFO: [VRFC 10-2263] Analyzing Verilog file "/mnt/Shared/SoC/Vivado/2_homework/2_homework.gen/sources_1/ip/clk_wiz_0/clk_wiz_0.v" into library xil_defaultlib
INFO: [VRFC 10-311] analyzing module clk_wiz_0
INFO: [VRFC 10-2263] Analyzing Verilog file "/mnt/Shared/SoC/Vivado/2_homework/2_homework.gen/sources_1/ip/ram_2port_2048x32/sim/ram_2port_2048x32.v" into library xil_defaultlib
INFO: [VRFC 10-311] analyzing module ram_2port_2048x32
INFO: [VRFC 10-2263] Analyzing Verilog file "/mnt/Shared/SoC/Vivado/2_homework/2_homework.srcs/sources_1/new/Addr_Decoder.v" into library xil_defaultlib
INFO: [VRFC 10-311] analyzing module Addr_Decoder
INFO: [VRFC 10-2263] Analyzing Verilog file "/mnt/Shared/SoC/Vivado/2_homework/2_homework.srcs/sources_1/new/GPIO.v" into library xil_defaultlib
INFO: [VRFC 10-311] analyzing module GPIO
INFO: [VRFC 10-2263] Analyzing Verilog file "/mnt/Shared/SoC/Vivado/2_homework/2_homework.srcs/sources_1/new/RV32I_SoC.v" into library xil_defaultlib
INFO: [VRFC 10-311] analyzing module RV32I_SoC
INFO: [VRFC 10-2263] Analyzing Verilog file "/mnt/Shared/SoC/Vivado/2_homework/2_homework.srcs/sources_1/new/alu.v" into library xil_defaultlib
INFO: [VRFC 10-311] analyzing module alu
INFO: [VRFC 10-2263] Analyzing Verilog file "/mnt/Shared/SoC/Vivado/2_homework/2_homework.srcs/sources_1/new/branch_resolution.v" into library xil_defaultlib
INFO: [VRFC 10-311] analyzing module branch_resolution
INFO: [VRFC 10-2263] Analyzing Verilog file "/mnt/Shared/SoC/Vivado/2_homework/2_homework.srcs/sources_1/new/brent_kung_add_32bit.v" into library xil_defaultlib
INFO: [VRFC 10-311] analyzing module brent_kung_add_32bit
INFO: [VRFC 10-2263] Analyzing Verilog file "/mnt/Shared/SoC/Vivado/2_homework/2_homework.srcs/sources_1/new/g_2bits.v" into library xil_defaultlib
INFO: [VRFC 10-311] analyzing module g_2bits
INFO: [VRFC 10-2263] Analyzing Verilog file "/mnt/Shared/SoC/Vivado/2_homework/2_homework.srcs/sources_1/new/p_2bits.v" into library xil_defaultlib
INFO: [VRFC 10-311] analyzing module p_2bits
INFO: [VRFC 10-2263] Analyzing Verilog file "/mnt/Shared/SoC/Vivado/2_homework/2_homework.srcs/sources_1/new/regfile.v" into library xil_defaultlib
INFO: [VRFC 10-311] analyzing module regfile
INFO: [VRFC 10-2263] Analyzing Verilog file "/mnt/Shared/SoC/Vivado/2_homework/2_homework.srcs/sources_1/new/rv32i_cpu.v" into library xil_defaultlib
INFO: [VRFC 10-311] analyzing module rv32i_cpu
INFO: [VRFC 10-2263] Analyzing Verilog file "/mnt/Shared/SoC/Vivado/2_homework/2_homework.srcs/sources_1/new/seg7.v" into library xil_defaultlib
INFO: [VRFC 10-311] analyzing module seg7
INFO: [VRFC 10-2263] Analyzing Verilog file "/mnt/Shared/SoC/Vivado/2_homework/2_homework.srcs/sim_1/new/tb_RV32I_SoC.v" into library xil_defaultlib
INFO: [VRFC 10-311] analyzing module tb_RV32I_SoC
Waiting for jobs to finish...
No pending jobs, compilation finished.
INFO: [USF-XSim-69] 'compile' step finished in '0' seconds
Command: launch_simulation -step elaborate -simset sim_1 -mode behavioral
INFO: [Vivado 12-12493] Simulation top is 'tb_RV32I_SoC'
WARNING: [Vivado 12-13277] Compiled library path does not exist: ''
INFO: [Vivado 12-5698] Checking validity of IPs in the design for the 'XSim' simulator...
INFO: [Vivado 12-5682] Launching behavioral simulation in '/mnt/Shared/SoC/Vivado/2_homework/2_homework.sim/sim_1/behav/xsim'
INFO: [Vivado 12-4795] Using compiled simulation libraries for IPs
INFO: [SIM-utils-51] Simulation object is 'sim_1'
INFO: [USF-XSim-3] XSim::Elaborate design
INFO: [USF-XSim-61] Executing 'ELABORATE' step in '/mnt/Shared/SoC/Vivado/2_homework/2_homework.sim/sim_1/behav/xsim'
xelab --incr --debug typical --relax --mt 8 -L xil_defaultlib -L blk_mem_gen_v8_4_5 -L unisims_ver -L unimacro_ver -L secureip -L xpm --snapshot tb_RV32I_SoC_behav xil_defaultlib.tb_RV32I_SoC xil_defaultlib.glbl -log elaborate.log
Vivado Simulator v2022.2.2
Copyright 1986-1999, 2001-2022 Xilinx, Inc. All Rights Reserved.
Running: /home/tony/tools/xilinx/Vivado/2022.2/bin/unwrapped/lnx64.o/xelab --incr --debug typical --relax --mt 8 -L xil_defaultlib -L blk_mem_gen_v8_4_5 -L unisims_ver -L unimacro_ver -L secureip -L xpm --snapshot tb_RV32I_SoC_behav xil_defaultlib.tb_RV32I_SoC xil_defaultlib.glbl -log elaborate.log 
Using 8 slave threads.
Starting static elaboration
Pass Through NonSizing Optimizer
WARNING: [VRFC 10-3091] actual bit length 1 differs from formal bit length 4 for port 'wea' [/mnt/Shared/SoC/Vivado/2_homework/2_homework.srcs/sources_1/new/RV32I_SoC.v:42]
WARNING: [VRFC 10-3091] actual bit length 4 differs from formal bit length 1 for port 'REN' [/mnt/Shared/SoC/Vivado/2_homework/2_homework.srcs/sources_1/new/RV32I_SoC.v:94]
WARNING: [VRFC 10-3091] actual bit length 4 differs from formal bit length 1 for port 'WEN' [/mnt/Shared/SoC/Vivado/2_homework/2_homework.srcs/sources_1/new/RV32I_SoC.v:95]
WARNING: [VRFC 10-3091] actual bit length 32 differs from formal bit length 12 for port 'Addr' [/mnt/Shared/SoC/Vivado/2_homework/2_homework.srcs/sources_1/new/RV32I_SoC.v:96]
Completed static elaboration
Starting simulation data flow analysis
Completed simulation data flow analysis
Time Resolution for simulation is 1ps
Compiling module blk_mem_gen_v8_4_5.blk_mem_gen_v8_4_5_output_stage(...
Compiling module blk_mem_gen_v8_4_5.blk_mem_gen_v8_4_5_softecc_outpu...
Compiling module blk_mem_gen_v8_4_5.blk_mem_gen_v8_4_5_mem_module(C_...
Compiling module blk_mem_gen_v8_4_5.blk_mem_gen_v8_4_5(C_FAMILY="zyn...
Compiling module xil_defaultlib.ram_2port_2048x32
Compiling module unisims_ver.IBUF
Compiling module unisims_ver.MMCME2_ADV(CLKFBOUT_MULT_F=8.0,C...
Compiling module unisims_ver.BUFG
Compiling module xil_defaultlib.clk_wiz_0_clk_wiz
Compiling module xil_defaultlib.clk_wiz_0
Compiling module xil_defaultlib.branch_resolution
Compiling module xil_defaultlib.regfile
Compiling module xil_defaultlib.g_2bits
Compiling module xil_defaultlib.p_2bits
Compiling module xil_defaultlib.brent_kung_add_32bit_default
Compiling module xil_defaultlib.alu
Compiling module xil_defaultlib.rv32i_cpu
Compiling module xil_defaultlib.Addr_Decoder
Compiling module xil_defaultlib.GPIO
Compiling module xil_defaultlib.seg7
Compiling module xil_defaultlib.RV32I_SoC
Compiling module xil_defaultlib.tb_RV32I_SoC
Compiling module xil_defaultlib.glbl
Built simulation snapshot tb_RV32I_SoC_behav
INFO: [USF-XSim-69] 'elaborate' step finished in '2' seconds
Time resolution is 1 ps
 Block Memory Generator module loading initial data...
 Block Memory Generator data initialization complete.
Block Memory Generator module tb_RV32I_SoC.DUT.iMEM.inst.\native_mem_module.blk_mem_gen_v8_4_5_inst  is using a behavioral model for simulation which will not precisely model memory collision behavior.
relaunch_sim
Command: launch_simulation -step compile -simset sim_1 -mode behavioral
INFO: [Vivado 12-12493] Simulation top is 'tb_RV32I_SoC'
WARNING: [Vivado 12-13277] Compiled library path does not exist: ''
INFO: [Vivado 12-5698] Checking validity of IPs in the design for the 'XSim' simulator...
INFO: [Vivado 12-5682] Launching behavioral simulation in '/mnt/Shared/SoC/Vivado/2_homework/2_homework.sim/sim_1/behav/xsim'
INFO: [Vivado 12-4795] Using compiled simulation libraries for IPs
INFO: [SIM-utils-51] Simulation object is 'sim_1'
INFO: [USF-XSim-2] XSim::Compile design
INFO: [USF-XSim-61] Executing 'COMPILE and ANALYZE' step in '/mnt/Shared/SoC/Vivado/2_homework/2_homework.sim/sim_1/behav/xsim'
xvlog --incr --relax -prj tb_RV32I_SoC_vlog.prj
INFO: [VRFC 10-2263] Analyzing Verilog file "/mnt/Shared/SoC/Vivado/2_homework/2_homework.gen/sources_1/ip/clk_wiz_0/clk_wiz_0_clk_wiz.v" into library xil_defaultlib
INFO: [VRFC 10-311] analyzing module clk_wiz_0_clk_wiz
INFO: [VRFC 10-2263] Analyzing Verilog file "/mnt/Shared/SoC/Vivado/2_homework/2_homework.gen/sources_1/ip/clk_wiz_0/clk_wiz_0.v" into library xil_defaultlib
INFO: [VRFC 10-311] analyzing module clk_wiz_0
INFO: [VRFC 10-2263] Analyzing Verilog file "/mnt/Shared/SoC/Vivado/2_homework/2_homework.gen/sources_1/ip/ram_2port_2048x32/sim/ram_2port_2048x32.v" into library xil_defaultlib
INFO: [VRFC 10-311] analyzing module ram_2port_2048x32
INFO: [VRFC 10-2263] Analyzing Verilog file "/mnt/Shared/SoC/Vivado/2_homework/2_homework.srcs/sources_1/new/Addr_Decoder.v" into library xil_defaultlib
INFO: [VRFC 10-311] analyzing module Addr_Decoder
INFO: [VRFC 10-2263] Analyzing Verilog file "/mnt/Shared/SoC/Vivado/2_homework/2_homework.srcs/sources_1/new/GPIO.v" into library xil_defaultlib
INFO: [VRFC 10-311] analyzing module GPIO
INFO: [VRFC 10-2263] Analyzing Verilog file "/mnt/Shared/SoC/Vivado/2_homework/2_homework.srcs/sources_1/new/RV32I_SoC.v" into library xil_defaultlib
INFO: [VRFC 10-311] analyzing module RV32I_SoC
INFO: [VRFC 10-2263] Analyzing Verilog file "/mnt/Shared/SoC/Vivado/2_homework/2_homework.srcs/sources_1/new/alu.v" into library xil_defaultlib
INFO: [VRFC 10-311] analyzing module alu
INFO: [VRFC 10-2263] Analyzing Verilog file "/mnt/Shared/SoC/Vivado/2_homework/2_homework.srcs/sources_1/new/branch_resolution.v" into library xil_defaultlib
INFO: [VRFC 10-311] analyzing module branch_resolution
INFO: [VRFC 10-2263] Analyzing Verilog file "/mnt/Shared/SoC/Vivado/2_homework/2_homework.srcs/sources_1/new/brent_kung_add_32bit.v" into library xil_defaultlib
INFO: [VRFC 10-311] analyzing module brent_kung_add_32bit
INFO: [VRFC 10-2263] Analyzing Verilog file "/mnt/Shared/SoC/Vivado/2_homework/2_homework.srcs/sources_1/new/g_2bits.v" into library xil_defaultlib
INFO: [VRFC 10-311] analyzing module g_2bits
INFO: [VRFC 10-2263] Analyzing Verilog file "/mnt/Shared/SoC/Vivado/2_homework/2_homework.srcs/sources_1/new/p_2bits.v" into library xil_defaultlib
INFO: [VRFC 10-311] analyzing module p_2bits
INFO: [VRFC 10-2263] Analyzing Verilog file "/mnt/Shared/SoC/Vivado/2_homework/2_homework.srcs/sources_1/new/regfile.v" into library xil_defaultlib
INFO: [VRFC 10-311] analyzing module regfile
INFO: [VRFC 10-2263] Analyzing Verilog file "/mnt/Shared/SoC/Vivado/2_homework/2_homework.srcs/sources_1/new/rv32i_cpu.v" into library xil_defaultlib
INFO: [VRFC 10-311] analyzing module rv32i_cpu
INFO: [VRFC 10-2263] Analyzing Verilog file "/mnt/Shared/SoC/Vivado/2_homework/2_homework.srcs/sources_1/new/seg7.v" into library xil_defaultlib
INFO: [VRFC 10-311] analyzing module seg7
INFO: [VRFC 10-2263] Analyzing Verilog file "/mnt/Shared/SoC/Vivado/2_homework/2_homework.srcs/sim_1/new/tb_RV32I_SoC.v" into library xil_defaultlib
INFO: [VRFC 10-311] analyzing module tb_RV32I_SoC
Waiting for jobs to finish...
No pending jobs, compilation finished.
INFO: [USF-XSim-69] 'compile' step finished in '1' seconds
Command: launch_simulation -step elaborate -simset sim_1 -mode behavioral
INFO: [Vivado 12-12493] Simulation top is 'tb_RV32I_SoC'
WARNING: [Vivado 12-13277] Compiled library path does not exist: ''
INFO: [Vivado 12-5698] Checking validity of IPs in the design for the 'XSim' simulator...
INFO: [Vivado 12-5682] Launching behavioral simulation in '/mnt/Shared/SoC/Vivado/2_homework/2_homework.sim/sim_1/behav/xsim'
INFO: [Vivado 12-4795] Using compiled simulation libraries for IPs
INFO: [SIM-utils-51] Simulation object is 'sim_1'
INFO: [USF-XSim-3] XSim::Elaborate design
INFO: [USF-XSim-61] Executing 'ELABORATE' step in '/mnt/Shared/SoC/Vivado/2_homework/2_homework.sim/sim_1/behav/xsim'
xelab --incr --debug typical --relax --mt 8 -L xil_defaultlib -L blk_mem_gen_v8_4_5 -L unisims_ver -L unimacro_ver -L secureip -L xpm --snapshot tb_RV32I_SoC_behav xil_defaultlib.tb_RV32I_SoC xil_defaultlib.glbl -log elaborate.log
Vivado Simulator v2022.2.2
Copyright 1986-1999, 2001-2022 Xilinx, Inc. All Rights Reserved.
Running: /home/tony/tools/xilinx/Vivado/2022.2/bin/unwrapped/lnx64.o/xelab --incr --debug typical --relax --mt 8 -L xil_defaultlib -L blk_mem_gen_v8_4_5 -L unisims_ver -L unimacro_ver -L secureip -L xpm --snapshot tb_RV32I_SoC_behav xil_defaultlib.tb_RV32I_SoC xil_defaultlib.glbl -log elaborate.log 
Using 8 slave threads.
Starting static elaboration
Pass Through NonSizing Optimizer
WARNING: [VRFC 10-3091] actual bit length 1 differs from formal bit length 4 for port 'wea' [/mnt/Shared/SoC/Vivado/2_homework/2_homework.srcs/sources_1/new/RV32I_SoC.v:42]
WARNING: [VRFC 10-3091] actual bit length 4 differs from formal bit length 1 for port 'REN' [/mnt/Shared/SoC/Vivado/2_homework/2_homework.srcs/sources_1/new/RV32I_SoC.v:94]
WARNING: [VRFC 10-3091] actual bit length 4 differs from formal bit length 1 for port 'WEN' [/mnt/Shared/SoC/Vivado/2_homework/2_homework.srcs/sources_1/new/RV32I_SoC.v:95]
WARNING: [VRFC 10-3091] actual bit length 32 differs from formal bit length 12 for port 'Addr' [/mnt/Shared/SoC/Vivado/2_homework/2_homework.srcs/sources_1/new/RV32I_SoC.v:96]
Completed static elaboration
Starting simulation data flow analysis
Completed simulation data flow analysis
Time Resolution for simulation is 1ps
Compiling module blk_mem_gen_v8_4_5.blk_mem_gen_v8_4_5_output_stage(...
Compiling module blk_mem_gen_v8_4_5.blk_mem_gen_v8_4_5_softecc_outpu...
Compiling module blk_mem_gen_v8_4_5.blk_mem_gen_v8_4_5_mem_module(C_...
Compiling module blk_mem_gen_v8_4_5.blk_mem_gen_v8_4_5(C_FAMILY="zyn...
Compiling module xil_defaultlib.ram_2port_2048x32
Compiling module unisims_ver.IBUF
Compiling module unisims_ver.MMCME2_ADV(CLKFBOUT_MULT_F=8.0,C...
Compiling module unisims_ver.BUFG
Compiling module xil_defaultlib.clk_wiz_0_clk_wiz
Compiling module xil_defaultlib.clk_wiz_0
Compiling module xil_defaultlib.branch_resolution
Compiling module xil_defaultlib.regfile
Compiling module xil_defaultlib.g_2bits
Compiling module xil_defaultlib.p_2bits
Compiling module xil_defaultlib.brent_kung_add_32bit_default
Compiling module xil_defaultlib.alu
Compiling module xil_defaultlib.rv32i_cpu
Compiling module xil_defaultlib.Addr_Decoder
Compiling module xil_defaultlib.GPIO
Compiling module xil_defaultlib.seg7
Compiling module xil_defaultlib.RV32I_SoC
Compiling module xil_defaultlib.tb_RV32I_SoC
Compiling module xil_defaultlib.glbl
Built simulation snapshot tb_RV32I_SoC_behav
INFO: [USF-XSim-69] 'elaborate' step finished in '3' seconds
Time resolution is 1 ps
 Block Memory Generator module loading initial data...
 Block Memory Generator data initialization complete.
Block Memory Generator module tb_RV32I_SoC.DUT.iMEM.inst.\native_mem_module.blk_mem_gen_v8_4_5_inst  is using a behavioral model for simulation which will not precisely model memory collision behavior.
relaunch_sim
Command: launch_simulation -step compile -simset sim_1 -mode behavioral
INFO: [Vivado 12-12493] Simulation top is 'tb_RV32I_SoC'
WARNING: [Vivado 12-13277] Compiled library path does not exist: ''
INFO: [Vivado 12-5698] Checking validity of IPs in the design for the 'XSim' simulator...
INFO: [Vivado 12-5682] Launching behavioral simulation in '/mnt/Shared/SoC/Vivado/2_homework/2_homework.sim/sim_1/behav/xsim'
INFO: [Vivado 12-4795] Using compiled simulation libraries for IPs
INFO: [SIM-utils-51] Simulation object is 'sim_1'
INFO: [USF-XSim-2] XSim::Compile design
INFO: [USF-XSim-61] Executing 'COMPILE and ANALYZE' step in '/mnt/Shared/SoC/Vivado/2_homework/2_homework.sim/sim_1/behav/xsim'
xvlog --incr --relax -prj tb_RV32I_SoC_vlog.prj
INFO: [VRFC 10-2263] Analyzing Verilog file "/mnt/Shared/SoC/Vivado/2_homework/2_homework.gen/sources_1/ip/clk_wiz_0/clk_wiz_0_clk_wiz.v" into library xil_defaultlib
INFO: [VRFC 10-311] analyzing module clk_wiz_0_clk_wiz
INFO: [VRFC 10-2263] Analyzing Verilog file "/mnt/Shared/SoC/Vivado/2_homework/2_homework.gen/sources_1/ip/clk_wiz_0/clk_wiz_0.v" into library xil_defaultlib
INFO: [VRFC 10-311] analyzing module clk_wiz_0
INFO: [VRFC 10-2263] Analyzing Verilog file "/mnt/Shared/SoC/Vivado/2_homework/2_homework.gen/sources_1/ip/ram_2port_2048x32/sim/ram_2port_2048x32.v" into library xil_defaultlib
INFO: [VRFC 10-311] analyzing module ram_2port_2048x32
INFO: [VRFC 10-2263] Analyzing Verilog file "/mnt/Shared/SoC/Vivado/2_homework/2_homework.srcs/sources_1/new/Addr_Decoder.v" into library xil_defaultlib
INFO: [VRFC 10-311] analyzing module Addr_Decoder
INFO: [VRFC 10-2263] Analyzing Verilog file "/mnt/Shared/SoC/Vivado/2_homework/2_homework.srcs/sources_1/new/GPIO.v" into library xil_defaultlib
INFO: [VRFC 10-311] analyzing module GPIO
INFO: [VRFC 10-2263] Analyzing Verilog file "/mnt/Shared/SoC/Vivado/2_homework/2_homework.srcs/sources_1/new/RV32I_SoC.v" into library xil_defaultlib
INFO: [VRFC 10-311] analyzing module RV32I_SoC
INFO: [VRFC 10-2263] Analyzing Verilog file "/mnt/Shared/SoC/Vivado/2_homework/2_homework.srcs/sources_1/new/alu.v" into library xil_defaultlib
INFO: [VRFC 10-311] analyzing module alu
INFO: [VRFC 10-2263] Analyzing Verilog file "/mnt/Shared/SoC/Vivado/2_homework/2_homework.srcs/sources_1/new/branch_resolution.v" into library xil_defaultlib
INFO: [VRFC 10-311] analyzing module branch_resolution
INFO: [VRFC 10-2263] Analyzing Verilog file "/mnt/Shared/SoC/Vivado/2_homework/2_homework.srcs/sources_1/new/brent_kung_add_32bit.v" into library xil_defaultlib
INFO: [VRFC 10-311] analyzing module brent_kung_add_32bit
INFO: [VRFC 10-2263] Analyzing Verilog file "/mnt/Shared/SoC/Vivado/2_homework/2_homework.srcs/sources_1/new/g_2bits.v" into library xil_defaultlib
INFO: [VRFC 10-311] analyzing module g_2bits
INFO: [VRFC 10-2263] Analyzing Verilog file "/mnt/Shared/SoC/Vivado/2_homework/2_homework.srcs/sources_1/new/p_2bits.v" into library xil_defaultlib
INFO: [VRFC 10-311] analyzing module p_2bits
INFO: [VRFC 10-2263] Analyzing Verilog file "/mnt/Shared/SoC/Vivado/2_homework/2_homework.srcs/sources_1/new/regfile.v" into library xil_defaultlib
INFO: [VRFC 10-311] analyzing module regfile
INFO: [VRFC 10-2263] Analyzing Verilog file "/mnt/Shared/SoC/Vivado/2_homework/2_homework.srcs/sources_1/new/rv32i_cpu.v" into library xil_defaultlib
INFO: [VRFC 10-311] analyzing module rv32i_cpu
INFO: [VRFC 10-2263] Analyzing Verilog file "/mnt/Shared/SoC/Vivado/2_homework/2_homework.srcs/sources_1/new/seg7.v" into library xil_defaultlib
INFO: [VRFC 10-311] analyzing module seg7
INFO: [VRFC 10-2263] Analyzing Verilog file "/mnt/Shared/SoC/Vivado/2_homework/2_homework.srcs/sim_1/new/tb_RV32I_SoC.v" into library xil_defaultlib
INFO: [VRFC 10-311] analyzing module tb_RV32I_SoC
Waiting for jobs to finish...
No pending jobs, compilation finished.
INFO: [USF-XSim-69] 'compile' step finished in '1' seconds
Command: launch_simulation -step elaborate -simset sim_1 -mode behavioral
INFO: [Vivado 12-12493] Simulation top is 'tb_RV32I_SoC'
WARNING: [Vivado 12-13277] Compiled library path does not exist: ''
INFO: [Vivado 12-5698] Checking validity of IPs in the design for the 'XSim' simulator...
INFO: [Vivado 12-5682] Launching behavioral simulation in '/mnt/Shared/SoC/Vivado/2_homework/2_homework.sim/sim_1/behav/xsim'
INFO: [Vivado 12-4795] Using compiled simulation libraries for IPs
INFO: [SIM-utils-51] Simulation object is 'sim_1'
INFO: [USF-XSim-3] XSim::Elaborate design
INFO: [USF-XSim-61] Executing 'ELABORATE' step in '/mnt/Shared/SoC/Vivado/2_homework/2_homework.sim/sim_1/behav/xsim'
xelab --incr --debug typical --relax --mt 8 -L xil_defaultlib -L blk_mem_gen_v8_4_5 -L unisims_ver -L unimacro_ver -L secureip -L xpm --snapshot tb_RV32I_SoC_behav xil_defaultlib.tb_RV32I_SoC xil_defaultlib.glbl -log elaborate.log
Vivado Simulator v2022.2.2
Copyright 1986-1999, 2001-2022 Xilinx, Inc. All Rights Reserved.
Running: /home/tony/tools/xilinx/Vivado/2022.2/bin/unwrapped/lnx64.o/xelab --incr --debug typical --relax --mt 8 -L xil_defaultlib -L blk_mem_gen_v8_4_5 -L unisims_ver -L unimacro_ver -L secureip -L xpm --snapshot tb_RV32I_SoC_behav xil_defaultlib.tb_RV32I_SoC xil_defaultlib.glbl -log elaborate.log 
Using 8 slave threads.
Starting static elaboration
Pass Through NonSizing Optimizer
WARNING: [VRFC 10-3091] actual bit length 1 differs from formal bit length 4 for port 'wea' [/mnt/Shared/SoC/Vivado/2_homework/2_homework.srcs/sources_1/new/RV32I_SoC.v:42]
WARNING: [VRFC 10-3091] actual bit length 4 differs from formal bit length 1 for port 'REN' [/mnt/Shared/SoC/Vivado/2_homework/2_homework.srcs/sources_1/new/RV32I_SoC.v:94]
WARNING: [VRFC 10-3091] actual bit length 4 differs from formal bit length 1 for port 'WEN' [/mnt/Shared/SoC/Vivado/2_homework/2_homework.srcs/sources_1/new/RV32I_SoC.v:95]
WARNING: [VRFC 10-3091] actual bit length 32 differs from formal bit length 12 for port 'Addr' [/mnt/Shared/SoC/Vivado/2_homework/2_homework.srcs/sources_1/new/RV32I_SoC.v:96]
Completed static elaboration
Starting simulation data flow analysis
Completed simulation data flow analysis
Time Resolution for simulation is 1ps
Compiling module blk_mem_gen_v8_4_5.blk_mem_gen_v8_4_5_output_stage(...
Compiling module blk_mem_gen_v8_4_5.blk_mem_gen_v8_4_5_softecc_outpu...
Compiling module blk_mem_gen_v8_4_5.blk_mem_gen_v8_4_5_mem_module(C_...
Compiling module blk_mem_gen_v8_4_5.blk_mem_gen_v8_4_5(C_FAMILY="zyn...
Compiling module xil_defaultlib.ram_2port_2048x32
Compiling module unisims_ver.IBUF
Compiling module unisims_ver.MMCME2_ADV(CLKFBOUT_MULT_F=8.0,C...
Compiling module unisims_ver.BUFG
Compiling module xil_defaultlib.clk_wiz_0_clk_wiz
Compiling module xil_defaultlib.clk_wiz_0
Compiling module xil_defaultlib.branch_resolution
Compiling module xil_defaultlib.regfile
Compiling module xil_defaultlib.g_2bits
Compiling module xil_defaultlib.p_2bits
Compiling module xil_defaultlib.brent_kung_add_32bit_default
Compiling module xil_defaultlib.alu
Compiling module xil_defaultlib.rv32i_cpu
Compiling module xil_defaultlib.Addr_Decoder
Compiling module xil_defaultlib.GPIO
Compiling module xil_defaultlib.seg7
Compiling module xil_defaultlib.RV32I_SoC
Compiling module xil_defaultlib.tb_RV32I_SoC
Compiling module xil_defaultlib.glbl
Built simulation snapshot tb_RV32I_SoC_behav
INFO: [USF-XSim-69] 'elaborate' step finished in '3' seconds
Time resolution is 1 ps
 Block Memory Generator module loading initial data...
 Block Memory Generator data initialization complete.
Block Memory Generator module tb_RV32I_SoC.DUT.iMEM.inst.\native_mem_module.blk_mem_gen_v8_4_5_inst  is using a behavioral model for simulation which will not precisely model memory collision behavior.
relaunch_sim
Command: launch_simulation -step compile -simset sim_1 -mode behavioral
INFO: [Vivado 12-12493] Simulation top is 'tb_RV32I_SoC'
WARNING: [Vivado 12-13277] Compiled library path does not exist: ''
INFO: [Vivado 12-5698] Checking validity of IPs in the design for the 'XSim' simulator...
INFO: [Vivado 12-5682] Launching behavioral simulation in '/mnt/Shared/SoC/Vivado/2_homework/2_homework.sim/sim_1/behav/xsim'
INFO: [Vivado 12-4795] Using compiled simulation libraries for IPs
INFO: [SIM-utils-51] Simulation object is 'sim_1'
INFO: [USF-XSim-2] XSim::Compile design
INFO: [USF-XSim-61] Executing 'COMPILE and ANALYZE' step in '/mnt/Shared/SoC/Vivado/2_homework/2_homework.sim/sim_1/behav/xsim'
xvlog --incr --relax -prj tb_RV32I_SoC_vlog.prj
INFO: [VRFC 10-2263] Analyzing Verilog file "/mnt/Shared/SoC/Vivado/2_homework/2_homework.gen/sources_1/ip/clk_wiz_0/clk_wiz_0_clk_wiz.v" into library xil_defaultlib
INFO: [VRFC 10-311] analyzing module clk_wiz_0_clk_wiz
INFO: [VRFC 10-2263] Analyzing Verilog file "/mnt/Shared/SoC/Vivado/2_homework/2_homework.gen/sources_1/ip/clk_wiz_0/clk_wiz_0.v" into library xil_defaultlib
INFO: [VRFC 10-311] analyzing module clk_wiz_0
INFO: [VRFC 10-2263] Analyzing Verilog file "/mnt/Shared/SoC/Vivado/2_homework/2_homework.gen/sources_1/ip/ram_2port_2048x32/sim/ram_2port_2048x32.v" into library xil_defaultlib
INFO: [VRFC 10-311] analyzing module ram_2port_2048x32
INFO: [VRFC 10-2263] Analyzing Verilog file "/mnt/Shared/SoC/Vivado/2_homework/2_homework.srcs/sources_1/new/Addr_Decoder.v" into library xil_defaultlib
INFO: [VRFC 10-311] analyzing module Addr_Decoder
INFO: [VRFC 10-2263] Analyzing Verilog file "/mnt/Shared/SoC/Vivado/2_homework/2_homework.srcs/sources_1/new/GPIO.v" into library xil_defaultlib
INFO: [VRFC 10-311] analyzing module GPIO
INFO: [VRFC 10-2263] Analyzing Verilog file "/mnt/Shared/SoC/Vivado/2_homework/2_homework.srcs/sources_1/new/RV32I_SoC.v" into library xil_defaultlib
INFO: [VRFC 10-311] analyzing module RV32I_SoC
INFO: [VRFC 10-2263] Analyzing Verilog file "/mnt/Shared/SoC/Vivado/2_homework/2_homework.srcs/sources_1/new/alu.v" into library xil_defaultlib
INFO: [VRFC 10-311] analyzing module alu
INFO: [VRFC 10-2263] Analyzing Verilog file "/mnt/Shared/SoC/Vivado/2_homework/2_homework.srcs/sources_1/new/branch_resolution.v" into library xil_defaultlib
INFO: [VRFC 10-311] analyzing module branch_resolution
INFO: [VRFC 10-2263] Analyzing Verilog file "/mnt/Shared/SoC/Vivado/2_homework/2_homework.srcs/sources_1/new/brent_kung_add_32bit.v" into library xil_defaultlib
INFO: [VRFC 10-311] analyzing module brent_kung_add_32bit
INFO: [VRFC 10-2263] Analyzing Verilog file "/mnt/Shared/SoC/Vivado/2_homework/2_homework.srcs/sources_1/new/g_2bits.v" into library xil_defaultlib
INFO: [VRFC 10-311] analyzing module g_2bits
INFO: [VRFC 10-2263] Analyzing Verilog file "/mnt/Shared/SoC/Vivado/2_homework/2_homework.srcs/sources_1/new/p_2bits.v" into library xil_defaultlib
INFO: [VRFC 10-311] analyzing module p_2bits
INFO: [VRFC 10-2263] Analyzing Verilog file "/mnt/Shared/SoC/Vivado/2_homework/2_homework.srcs/sources_1/new/regfile.v" into library xil_defaultlib
INFO: [VRFC 10-311] analyzing module regfile
INFO: [VRFC 10-2263] Analyzing Verilog file "/mnt/Shared/SoC/Vivado/2_homework/2_homework.srcs/sources_1/new/rv32i_cpu.v" into library xil_defaultlib
INFO: [VRFC 10-311] analyzing module rv32i_cpu
INFO: [VRFC 10-2263] Analyzing Verilog file "/mnt/Shared/SoC/Vivado/2_homework/2_homework.srcs/sources_1/new/seg7.v" into library xil_defaultlib
INFO: [VRFC 10-311] analyzing module seg7
INFO: [VRFC 10-2263] Analyzing Verilog file "/mnt/Shared/SoC/Vivado/2_homework/2_homework.srcs/sim_1/new/tb_RV32I_SoC.v" into library xil_defaultlib
INFO: [VRFC 10-311] analyzing module tb_RV32I_SoC
Waiting for jobs to finish...
No pending jobs, compilation finished.
INFO: [USF-XSim-69] 'compile' step finished in '1' seconds
Command: launch_simulation -step elaborate -simset sim_1 -mode behavioral
INFO: [Vivado 12-12493] Simulation top is 'tb_RV32I_SoC'
WARNING: [Vivado 12-13277] Compiled library path does not exist: ''
INFO: [Vivado 12-5698] Checking validity of IPs in the design for the 'XSim' simulator...
INFO: [Vivado 12-5682] Launching behavioral simulation in '/mnt/Shared/SoC/Vivado/2_homework/2_homework.sim/sim_1/behav/xsim'
INFO: [Vivado 12-4795] Using compiled simulation libraries for IPs
INFO: [SIM-utils-51] Simulation object is 'sim_1'
INFO: [USF-XSim-3] XSim::Elaborate design
INFO: [USF-XSim-61] Executing 'ELABORATE' step in '/mnt/Shared/SoC/Vivado/2_homework/2_homework.sim/sim_1/behav/xsim'
xelab --incr --debug typical --relax --mt 8 -L xil_defaultlib -L blk_mem_gen_v8_4_5 -L unisims_ver -L unimacro_ver -L secureip -L xpm --snapshot tb_RV32I_SoC_behav xil_defaultlib.tb_RV32I_SoC xil_defaultlib.glbl -log elaborate.log
Vivado Simulator v2022.2.2
Copyright 1986-1999, 2001-2022 Xilinx, Inc. All Rights Reserved.
Running: /home/tony/tools/xilinx/Vivado/2022.2/bin/unwrapped/lnx64.o/xelab --incr --debug typical --relax --mt 8 -L xil_defaultlib -L blk_mem_gen_v8_4_5 -L unisims_ver -L unimacro_ver -L secureip -L xpm --snapshot tb_RV32I_SoC_behav xil_defaultlib.tb_RV32I_SoC xil_defaultlib.glbl -log elaborate.log 
Using 8 slave threads.
Starting static elaboration
Pass Through NonSizing Optimizer
WARNING: [VRFC 10-3091] actual bit length 1 differs from formal bit length 4 for port 'wea' [/mnt/Shared/SoC/Vivado/2_homework/2_homework.srcs/sources_1/new/RV32I_SoC.v:42]
WARNING: [VRFC 10-3091] actual bit length 4 differs from formal bit length 1 for port 'REN' [/mnt/Shared/SoC/Vivado/2_homework/2_homework.srcs/sources_1/new/RV32I_SoC.v:94]
WARNING: [VRFC 10-3091] actual bit length 4 differs from formal bit length 1 for port 'WEN' [/mnt/Shared/SoC/Vivado/2_homework/2_homework.srcs/sources_1/new/RV32I_SoC.v:95]
WARNING: [VRFC 10-3091] actual bit length 32 differs from formal bit length 12 for port 'Addr' [/mnt/Shared/SoC/Vivado/2_homework/2_homework.srcs/sources_1/new/RV32I_SoC.v:96]
Completed static elaboration
Starting simulation data flow analysis
Completed simulation data flow analysis
Time Resolution for simulation is 1ps
Compiling module blk_mem_gen_v8_4_5.blk_mem_gen_v8_4_5_output_stage(...
Compiling module blk_mem_gen_v8_4_5.blk_mem_gen_v8_4_5_softecc_outpu...
Compiling module blk_mem_gen_v8_4_5.blk_mem_gen_v8_4_5_mem_module(C_...
Compiling module blk_mem_gen_v8_4_5.blk_mem_gen_v8_4_5(C_FAMILY="zyn...
Compiling module xil_defaultlib.ram_2port_2048x32
Compiling module unisims_ver.IBUF
Compiling module unisims_ver.MMCME2_ADV(CLKFBOUT_MULT_F=8.0,C...
Compiling module unisims_ver.BUFG
Compiling module xil_defaultlib.clk_wiz_0_clk_wiz
Compiling module xil_defaultlib.clk_wiz_0
Compiling module xil_defaultlib.branch_resolution
Compiling module xil_defaultlib.regfile
Compiling module xil_defaultlib.g_2bits
Compiling module xil_defaultlib.p_2bits
Compiling module xil_defaultlib.brent_kung_add_32bit_default
Compiling module xil_defaultlib.alu
Compiling module xil_defaultlib.rv32i_cpu
Compiling module xil_defaultlib.Addr_Decoder
Compiling module xil_defaultlib.GPIO
Compiling module xil_defaultlib.seg7
Compiling module xil_defaultlib.RV32I_SoC
Compiling module xil_defaultlib.tb_RV32I_SoC
Compiling module xil_defaultlib.glbl
Built simulation snapshot tb_RV32I_SoC_behav
INFO: [USF-XSim-69] 'elaborate' step finished in '3' seconds
Time resolution is 1 ps
 Block Memory Generator module loading initial data...
 Block Memory Generator data initialization complete.
Block Memory Generator module tb_RV32I_SoC.DUT.iMEM.inst.\native_mem_module.blk_mem_gen_v8_4_5_inst  is using a behavioral model for simulation which will not precisely model memory collision behavior.
add_bp {/mnt/Shared/SoC/Vivado/2_homework/2_homework.srcs/sources_1/new/rv32i_cpu.v} 378
remove_bps -file {/mnt/Shared/SoC/Vivado/2_homework/2_homework.srcs/sources_1/new/rv32i_cpu.v} -line 378
save_wave_config {/mnt/Shared/SoC/Vivado/2_homework/tb_RV32I_SoC_behav.wcfg}
launch_simulation -mode post-implementation -type functional
Command: launch_simulation  -mode post-implementation -type functional
INFO: [Vivado 12-12493] Simulation top is 'tb_RV32I_SoC'
WARNING: [Vivado 12-13277] Compiled library path does not exist: ''
INFO: [Vivado 12-5698] Checking validity of IPs in the design for the 'XSim' simulator...
INFO: [Vivado 12-5682] Launching post-implementation functional simulation in '/mnt/Shared/SoC/Vivado/2_homework/2_homework.sim/sim_1/impl/func/xsim'
INFO: [Vivado 12-4795] Using compiled simulation libraries for IPs
INFO: [SIM-utils-51] Simulation object is 'sim_1'
INFO: [SIM-utils-72] Using boost library from '/home/tony/tools/xilinx/Vivado/2022.2/tps/boost_1_72_0'
INFO: [Device 21-403] Loading part xc7z020clg400-1
Netlist sorting complete. Time (s): cpu = 00:00:00 ; elapsed = 00:00:00 . Memory (MB): peak = 10013.426 ; gain = 0.000 ; free physical = 19814 ; free virtual = 64771
INFO: [Netlist 29-17] Analyzing 305 Unisim elements for replacement
INFO: [Netlist 29-28] Unisim Transformation completed in 0 CPU seconds
WARNING: [Netlist 29-101] Netlist 'RV32I_SoC' is not ideal for floorplanning, since the cellview 'regfile' contains a large number of primitives.  Please consider enabling hierarchy in synthesis if you want to do floorplanning.
INFO: [Project 1-479] Netlist was created with Vivado 2022.2.2
INFO: [Project 1-570] Preparing netlist for logic optimization
WARNING: [Constraints 18-550] Could not create 'IBUF_LOW_PWR' constraint because net 'iPLL/clk_in1' is not directly connected to top level port. Synthesis is ignored for IBUF_LOW_PWR but preserved for implementation.
INFO: [Timing 38-478] Restoring timing data from binary archive.
INFO: [Timing 38-479] Binary timing data restore complete.
INFO: [Project 1-856] Restoring constraints from binary archive.
INFO: [Project 1-853] Binary constraint restore complete.
Reading XDEF placement.
Reading placer database...
Reading XDEF routing.
Read XDEF Files: Time (s): cpu = 00:00:00.09 ; elapsed = 00:00:00.09 . Memory (MB): peak = 10644.719 ; gain = 0.000 ; free physical = 19218 ; free virtual = 64213
Restored from archive | CPU: 0.090000 secs | Memory: 2.302490 MB |
Finished XDEF File Restore: Time (s): cpu = 00:00:00.09 ; elapsed = 00:00:00.09 . Memory (MB): peak = 10644.719 ; gain = 0.000 ; free physical = 19218 ; free virtual = 64213
Netlist sorting complete. Time (s): cpu = 00:00:00 ; elapsed = 00:00:00 . Memory (MB): peak = 10644.719 ; gain = 0.000 ; free physical = 19218 ; free virtual = 64214
INFO: [Project 1-111] Unisim Transformation Summary:
No Unisim elements were transformed.

open_run: Time (s): cpu = 00:00:13 ; elapsed = 00:00:09 . Memory (MB): peak = 10870.613 ; gain = 1127.844 ; free physical = 19104 ; free virtual = 64102
INFO: [SIM-utils-31] Writing simulation netlist file for design 'impl_1'...
INFO: [SIM-utils-32] write_verilog -mode funcsim -nolib -force -file "/mnt/Shared/SoC/Vivado/2_homework/2_homework.sim/sim_1/impl/func/xsim/tb_RV32I_SoC_func_impl.v"
INFO: [SIM-utils-36] Netlist generated:/mnt/Shared/SoC/Vivado/2_homework/2_homework.sim/sim_1/impl/func/xsim/tb_RV32I_SoC_func_impl.v
INFO: [USF-XSim-7] Finding pre-compiled libraries...
INFO: [USF-XSim-11] File '/home/tony/tools/xilinx/Vivado/2022.2/data/xsim/xsim.ini' copied to run dir:'/mnt/Shared/SoC/Vivado/2_homework/2_homework.sim/sim_1/impl/func/xsim'
INFO: [SIM-utils-54] Inspecting design source files for 'tb_RV32I_SoC' in fileset 'sim_1'...
INFO: [SIM-utils-43] Exported '/mnt/Shared/SoC/Vivado/2_homework/2_homework.sim/sim_1/impl/func/xsim/ram_2port_2048x32.mif'
INFO: [SIM-utils-43] Exported '/mnt/Shared/SoC/Vivado/2_homework/2_homework.sim/sim_1/impl/func/xsim/insts_data.coe'
INFO: [USF-XSim-2] XSim::Compile design
INFO: [USF-XSim-61] Executing 'COMPILE and ANALYZE' step in '/mnt/Shared/SoC/Vivado/2_homework/2_homework.sim/sim_1/impl/func/xsim'
xvlog --incr --relax -prj tb_RV32I_SoC_vlog.prj
INFO: [VRFC 10-2263] Analyzing Verilog file "/mnt/Shared/SoC/Vivado/2_homework/2_homework.sim/sim_1/impl/func/xsim/tb_RV32I_SoC_func_impl.v" into library xil_defaultlib
INFO: [VRFC 10-311] analyzing module Addr_Decoder
INFO: [VRFC 10-311] analyzing module GPIO
INFO: [VRFC 10-311] analyzing module RV32I_SoC
INFO: [VRFC 10-311] analyzing module alu
INFO: [VRFC 10-311] analyzing module clk_wiz_0
INFO: [VRFC 10-311] analyzing module clk_wiz_0_clk_wiz
INFO: [VRFC 10-311] analyzing module ram_2port_2048x32
INFO: [VRFC 10-311] analyzing module regfile
INFO: [VRFC 10-311] analyzing module rv32i_cpu
INFO: [VRFC 10-311] analyzing module seg7
INFO: [VRFC 10-311] analyzing module ram_2port_2048x32_blk_mem_gen_generic_cstr
INFO: [VRFC 10-311] analyzing module ram_2port_2048x32_blk_mem_gen_prim_width
INFO: [VRFC 10-311] analyzing module ram_2port_2048x32_blk_mem_gen_prim_width__parameterized0
INFO: [VRFC 10-311] analyzing module ram_2port_2048x32_blk_mem_gen_prim_wrapper_init
INFO: [VRFC 10-311] analyzing module ram_2port_2048x32_blk_mem_gen_prim_wrapper_init__parameterized0
INFO: [VRFC 10-311] analyzing module ram_2port_2048x32_blk_mem_gen_top
INFO: [VRFC 10-311] analyzing module ram_2port_2048x32_blk_mem_gen_v8_4_5
INFO: [VRFC 10-311] analyzing module ram_2port_2048x32_blk_mem_gen_v8_4_5_synth
INFO: [VRFC 10-311] analyzing module glbl
INFO: [VRFC 10-2263] Analyzing Verilog file "/mnt/Shared/SoC/Vivado/2_homework/2_homework.srcs/sim_1/new/tb_RV32I_SoC.v" into library xil_defaultlib
INFO: [VRFC 10-311] analyzing module tb_RV32I_SoC
Waiting for jobs to finish...
No pending jobs, compilation finished.
INFO: [USF-XSim-69] 'compile' step finished in '1' seconds
INFO: [USF-XSim-3] XSim::Elaborate design
INFO: [USF-XSim-61] Executing 'ELABORATE' step in '/mnt/Shared/SoC/Vivado/2_homework/2_homework.sim/sim_1/impl/func/xsim'
xelab --incr --debug typical --relax --mt 8 -L xil_defaultlib -L unisims_ver -L secureip --snapshot tb_RV32I_SoC_func_impl xil_defaultlib.tb_RV32I_SoC xil_defaultlib.glbl -log elaborate.log
Vivado Simulator v2022.2.2
Copyright 1986-1999, 2001-2022 Xilinx, Inc. All Rights Reserved.
Running: /home/tony/tools/xilinx/Vivado/2022.2/bin/unwrapped/lnx64.o/xelab --incr --debug typical --relax --mt 8 -L xil_defaultlib -L unisims_ver -L secureip --snapshot tb_RV32I_SoC_func_impl xil_defaultlib.tb_RV32I_SoC xil_defaultlib.glbl -log elaborate.log 
Using 8 slave threads.
Starting static elaboration
Pass Through NonSizing Optimizer
Completed static elaboration
Starting simulation data flow analysis
Completed simulation data flow analysis
Time Resolution for simulation is 1ps
Compiling module unisims_ver.IBUF
Compiling module unisims_ver.LUT6
Compiling module unisims_ver.LUT4
Compiling module unisims_ver.LUT5
Compiling module unisims_ver.x_lut2_mux4
Compiling module unisims_ver.LUT2
Compiling module unisims_ver.x_lut3_mux8
Compiling module unisims_ver.LUT3
Compiling module unisims_ver.CARRY4
Compiling module xil_defaultlib.alu
Compiling module unisims_ver.x_lut1_mux2
Compiling module unisims_ver.LUT1(INIT=2'b01)
Compiling module unisims_ver.FDCE_default
Compiling module unisims_ver.MUXF7
Compiling module unisims_ver.MUXF8
Compiling module unisims_ver.FDRE_default
Compiling module xil_defaultlib.regfile
Compiling module xil_defaultlib.rv32i_cpu
Compiling module unisims_ver.latchsre_ldce
Compiling module unisims_ver.LDCE
Compiling module unisims_ver.latchsre_ldpe
Compiling module unisims_ver.LDPE
Compiling module xil_defaultlib.Addr_Decoder
Compiling module xil_defaultlib.GPIO
Compiling module unisims_ver.RB36_INTERNAL_VLOG(READ_WIDTH_A=...
Compiling module unisims_ver.RAMB36E1(INIT_00=256'b0101000000...
Compiling module unisims_ver.RB36_INTERNAL_VLOG(READ_WIDTH_A=...
Compiling module unisims_ver.RAMB36E1(INIT_00=256'b0111001110...
Compiling module xil_defaultlib.ram_2port_2048x32
Compiling module unisims_ver.BUFG
Compiling module unisims_ver.MMCME2_ADV(CLKFBOUT_MULT_F=8.0,C...
Compiling module xil_defaultlib.clk_wiz_0_clk_wiz
Compiling module xil_defaultlib.clk_wiz_0
Compiling module unisims_ver.FDPE_default
Compiling module xil_defaultlib.seg7
Compiling module unisims_ver.OBUF
Compiling module xil_defaultlib.RV32I_SoC
Compiling module xil_defaultlib.tb_RV32I_SoC
Compiling module xil_defaultlib.glbl
Built simulation snapshot tb_RV32I_SoC_func_impl
INFO: [USF-XSim-69] 'elaborate' step finished in '3' seconds
INFO: [USF-XSim-4] XSim::Simulate design
INFO: [USF-XSim-61] Executing 'SIMULATE' step in '/mnt/Shared/SoC/Vivado/2_homework/2_homework.sim/sim_1/impl/func/xsim'
INFO: [USF-XSim-98] *** Running xsim
   with args "tb_RV32I_SoC_func_impl -key {Post-Implementation:sim_1:Functional:tb_RV32I_SoC} -tclbatch {tb_RV32I_SoC.tcl} -view {/mnt/Shared/SoC/Vivado/2_homework/tb_RV32I_SoC_behav.wcfg} -log {simulate.log}"
INFO: [USF-XSim-8] Loading simulator feature
Time resolution is 1 ps
open_wave_config /mnt/Shared/SoC/Vivado/2_homework/tb_RV32I_SoC_behav.wcfg
WARNING: Simulation object /tb_RV32I_SoC/DUT/iCPU/pc was not found in the design.
WARNING: Simulation object /tb_RV32I_SoC/DUT/iCPU/inst was not found in the design.
WARNING: Simulation object /tb_RV32I_SoC/DUT/iCPU/MemAddr was not found in the design.
WARNING: Simulation object /tb_RV32I_SoC/DUT/iCPU/MemWdata was not found in the design.
WARNING: Simulation object /tb_RV32I_SoC/DUT/iCPU/rs1_addr was not found in the design.
WARNING: Simulation object /tb_RV32I_SoC/DUT/iCPU/rs1_data was not found in the design.
WARNING: Simulation object /tb_RV32I_SoC/DUT/iCPU/rs2_addr was not found in the design.
WARNING: Simulation object /tb_RV32I_SoC/DUT/iCPU/rs2_data was not found in the design.
WARNING: Simulation object /tb_RV32I_SoC/DUT/iCPU/imm was not found in the design.
WARNING: Simulation object /tb_RV32I_SoC/DUT/iCPU/rd_addr was not found in the design.
WARNING: Simulation object /tb_RV32I_SoC/DUT/iCPU/rd_data was not found in the design.
WARNING: Simulation object /tb_RV32I_SoC/DUT/iCPU/alu_inst/a was not found in the design.
WARNING: Simulation object /tb_RV32I_SoC/DUT/iCPU/alu_inst/b was not found in the design.
WARNING: Simulation object /tb_RV32I_SoC/DUT/iCPU/alu_inst/result was not found in the design.
source tb_RV32I_SoC.tcl
# set curr_wave [current_wave_config]
# if { [string length $curr_wave] == 0 } {
#   if { [llength [get_objects]] > 0} {
#     add_wave /
#     set_property needs_save false [current_wave_config]
#   } else {
#      send_msg_id Add_Wave-1 WARNING "No top level signals found. Simulator will start without a wave window. If you want to open a wave window go to 'File->New Waveform Configuration' or type 'create_wave_config' in the TCL console."
#   }
# }
# run 1000ns
INFO: [USF-XSim-96] XSim completed. Design snapshot 'tb_RV32I_SoC_func_impl' loaded.
INFO: [USF-XSim-97] XSim simulation ran for 1000ns
launch_simulation: Time (s): cpu = 00:00:24 ; elapsed = 00:00:15 . Memory (MB): peak = 10870.613 ; gain = 1127.844 ; free physical = 19123 ; free virtual = 64148
close_sim
INFO: [Simtcl 6-16] Simulation closed
save_wave_config {/mnt/Shared/SoC/Vivado/2_homework/tb_RV32I_SoC_behav.wcfg}
close_sim
INFO: [Simtcl 6-16] Simulation closed
close_design
reset_run synth_1
INFO: [Project 1-1160] Copying file /mnt/Shared/SoC/Vivado/2_homework/2_homework.runs/synth_1/RV32I_SoC.dcp to /mnt/Shared/SoC/Vivado/2_homework/2_homework.srcs/utils_1/imports/synth_1 and adding it to utils fileset
launch_runs impl_1 -to_step write_bitstream -jobs 20
[Sat Jun 15 14:40:37 2024] Launched synth_1...
Run output will be captured here: /mnt/Shared/SoC/Vivado/2_homework/2_homework.runs/synth_1/runme.log
[Sat Jun 15 14:40:37 2024] Launched impl_1...
Run output will be captured here: /mnt/Shared/SoC/Vivado/2_homework/2_homework.runs/impl_1/runme.log
