Copyright 1986-2023 Xilinx, Inc. All Rights Reserved.
--------------------------------------------------------------------------------------
| Tool Version : Vivado v.2022.2.2 (lin64) Build 3788238 Tue Feb 21 19:59:23 MST 2023
| Date         : Sun Jun 16 00:42:20 2024
| Host         : tony-ubuntu running 64-bit Ubuntu 22.04.4 LTS
| Command      : report_control_sets -verbose -file RV32I_SoC_control_sets_placed.rpt
| Design       : RV32I_SoC
| Device       : xc7z020
--------------------------------------------------------------------------------------

Control Set Information

Table of Contents
-----------------
1. Summary
2. Histogram
3. Flip-Flop Distribution
4. Detailed Control Set Information

1. Summary
----------

+----------------------------------------------------------+-------+
|                          Status                          | Count |
+----------------------------------------------------------+-------+
| Total control sets                                       |    50 |
|    Minimum number of control sets                        |    50 |
|    Addition due to synthesis replication                 |     0 |
|    Addition due to physical synthesis replication        |     0 |
| Unused register locations in slices containing registers |    63 |
+----------------------------------------------------------+-------+
* Control sets can be merged at opt_design using control_set_merge or merge_equivalent_drivers
** Run report_qor_suggestions for automated merging and remapping suggestions


2. Histogram
------------

+--------------------+-------+
|       Fanout       | Count |
+--------------------+-------+
| Total control sets |    50 |
| >= 0 to < 4        |     5 |
| >= 4 to < 6        |     2 |
| >= 6 to < 8        |     7 |
| >= 8 to < 10       |     2 |
| >= 10 to < 12      |     0 |
| >= 12 to < 14      |     1 |
| >= 14 to < 16      |     0 |
| >= 16              |    33 |
+--------------------+-------+
* Control sets can be remapped at either synth_design or opt_design


3. Flip-Flop Distribution
-------------------------

+--------------+-----------------------+------------------------+-----------------+--------------+
| Clock Enable | Synchronous Set/Reset | Asynchronous Set/Reset | Total Registers | Total Slices |
+--------------+-----------------------+------------------------+-----------------+--------------+
| No           | No                    | No                     |              41 |           22 |
| No           | No                    | Yes                    |              85 |           24 |
| No           | Yes                   | No                     |               1 |            1 |
| Yes          | No                    | No                     |             996 |          474 |
| Yes          | No                    | Yes                    |              28 |            7 |
| Yes          | Yes                   | No                     |              50 |           13 |
+--------------+-----------------------+------------------------+-----------------+--------------+


4. Detailed Control Set Information
-----------------------------------

+-------------------------------------+-------------------------------------------+--------------------------------+------------------+----------------+--------------+
|             Clock Signal            |               Enable Signal               |        Set/Reset Signal        | Slice Load Count | Bel Load Count | Bels / Slice |
+-------------------------------------+-------------------------------------------+--------------------------------+------------------+----------------+--------------+
|  iDec/cs_gpio_reg/G0                |                                           |                                |                1 |              1 |         1.00 |
|  iCPU/regfile_inst/cs_mem_reg_i_7_0 |                                           | iCPU/regfile_inst/x1[31]_i_2_0 |                1 |              1 |         1.00 |
|  clk_125mhz_IBUF                    |                                           |                                |                1 |              1 |         1.00 |
|  iDec/cs_mem_reg/G0                 |                                           |                                |                1 |              1 |         1.00 |
|  iCPU/inst0/b_true_reg_i_2_n_1      |                                           |                                |                1 |              1 |         1.00 |
|  iPLL/inst/clk0                     | iCPU/regfile_inst/rst_reg_0[0]            |                                |                1 |              4 |         4.00 |
|  iPLL/inst/clk0                     |                                           |                                |                3 |              5 |         1.67 |
|  iPLL/inst/clk0                     | iCPU/regfile_inst/x1[2]_i_2_0[0]          | rst                            |                1 |              7 |         7.00 |
|  iPLL/inst/clk0                     | iCPU/regfile_inst/x1[0]_i_3_0[0]          | rst                            |                2 |              7 |         3.50 |
|  iPLL/inst/clk0                     | iUART/urx/FSM_onehot_state[9]_i_1_n_1     | rst                            |                2 |              7 |         3.50 |
|  iPLL/inst/clk0                     | iCPU/regfile_inst/HEX0[6]_i_4_0[0]        | rst                            |                2 |              7 |         3.50 |
|  iPLL/inst/clk0                     | iCPU/regfile_inst/HEX1[6]_i_3_0[0]        | rst                            |                2 |              7 |         3.50 |
|  iPLL/inst/clk0                     | iCPU/regfile_inst/LEDS[3]_i_2_0[0]        | rst                            |                2 |              7 |         3.50 |
|  iPLL/inst/clk0                     | iCPU/regfile_inst/iMEM_i_13_0[0]          | rst                            |                2 |              7 |         3.50 |
|  iPLL/inst/clk0                     | iCPU/regfile_inst/E[0]                    | rst                            |                2 |              8 |         4.00 |
|  iPLL/inst/clk0                     | iUART/utx/FSM_onehot_state[10]_i_1__0_n_1 | rst                            |                3 |              9 |         3.00 |
|  iPLL/inst/clk0                     | iSeg7/seg_cnt_reg[13]                     | rst                            |                2 |             12 |         6.00 |
|  iPLL/inst/clk0                     | iCPU/regfile_inst/x24                     |                                |               12 |             32 |         2.67 |
|  iPLL/inst/clk0                     | iCPU/regfile_inst/x23                     |                                |               17 |             32 |         1.88 |
|  iPLL/inst/clk0                     | iCPU/regfile_inst/x22                     |                                |               14 |             32 |         2.29 |
|  iPLL/inst/clk0                     | iCPU/regfile_inst/x8                      |                                |               21 |             32 |         1.52 |
|  iPLL/inst/clk0                     | iCPU/regfile_inst/x19                     |                                |               19 |             32 |         1.68 |
|  iPLL/inst/clk0                     | iCPU/regfile_inst/x9                      |                                |               23 |             32 |         1.39 |
|  iPLL/inst/clk0                     | iCPU/regfile_inst/x7[11]_i_1_n_1          |                                |               22 |             32 |         1.45 |
|  iPLL/inst/clk0                     | iCPU/regfile_inst/x2[11]_i_1_n_1          |                                |               13 |             32 |         2.46 |
|  iPLL/inst/clk0                     | iCPU/regfile_inst/x29                     |                                |               20 |             32 |         1.60 |
|  iPLL/inst/clk0                     | iCPU/regfile_inst/x20                     |                                |               14 |             32 |         2.29 |
|  iPLL/inst/clk0                     | iCPU/regfile_inst/x4[11]_i_1_n_1          |                                |               19 |             32 |         1.68 |
|  iPLL/inst/clk0                     | iCPU/regfile_inst/x5                      |                                |               10 |             32 |         3.20 |
|  iPLL/inst/clk0                     | iCPU/regfile_inst/x6                      |                                |               16 |             32 |         2.00 |
|  iPLL/inst/clk0                     | iCPU/regfile_inst/x30                     |                                |               15 |             32 |         2.13 |
|  iPLL/inst/clk0                     | iCPU/regfile_inst/x13                     |                                |               11 |             32 |         2.91 |
|  n_0_579_BUFG                       |                                           |                                |               15 |             32 |         2.13 |
|  iPLL/inst/clk0                     | iCPU/regfile_inst/x3                      |                                |               11 |             32 |         2.91 |
|  iPLL/inst/clk0                     | iCPU/regfile_inst/x21                     |                                |               11 |             32 |         2.91 |
|  iPLL/inst/clk0                     | iCPU/regfile_inst/x31                     |                                |               26 |             32 |         1.23 |
|  iPLL/inst/clk0                     | iCPU/regfile_inst/x1                      |                                |               14 |             32 |         2.29 |
|  iPLL/inst/clk0                     | iCPU/regfile_inst/x10                     |                                |                9 |             32 |         3.56 |
|  iPLL/inst/clk0                     | iCPU/regfile_inst/x11                     |                                |               20 |             32 |         1.60 |
|  iPLL/inst/clk0                     | iCPU/regfile_inst/x12                     |                                |               15 |             32 |         2.13 |
|  iPLL/inst/clk0                     | iCPU/regfile_inst/x28                     |                                |               12 |             32 |         2.67 |
|  iPLL/inst/clk0                     | iCPU/regfile_inst/x14                     |                                |               14 |             32 |         2.29 |
|  iPLL/inst/clk0                     | iCPU/regfile_inst/x15                     |                                |               18 |             32 |         1.78 |
|  iPLL/inst/clk0                     | iCPU/regfile_inst/x16                     |                                |               12 |             32 |         2.67 |
|  iPLL/inst/clk0                     | iCPU/regfile_inst/x17                     |                                |               13 |             32 |         2.46 |
|  iPLL/inst/clk0                     | iCPU/regfile_inst/x18                     |                                |                9 |             32 |         3.56 |
|  iPLL/inst/clk0                     | iCPU/regfile_inst/x25                     |                                |               10 |             32 |         3.20 |
|  iPLL/inst/clk0                     | iCPU/regfile_inst/x26                     |                                |               15 |             32 |         2.13 |
|  iPLL/inst/clk0                     | iCPU/regfile_inst/x27                     |                                |               18 |             32 |         1.78 |
|  iPLL/inst/clk0                     |                                           | rst                            |               24 |             85 |         3.54 |
+-------------------------------------+-------------------------------------------+--------------------------------+------------------+----------------+--------------+


