Copyright 1986-2023 Xilinx, Inc. All Rights Reserved.
-------------------------------------------------------------------------------------------------------------
| Tool Version : Vivado v.2022.2.2 (lin64) Build 3788238 Tue Feb 21 19:59:23 MST 2023
| Date         : Sun Jun 16 00:41:56 2024
| Host         : tony-ubuntu running 64-bit Ubuntu 22.04.4 LTS
| Command      : report_utilization -file RV32I_SoC_utilization_synth.rpt -pb RV32I_SoC_utilization_synth.pb
| Design       : RV32I_SoC
| Device       : xc7z020clg400-1
| Speed File   : -1
| Design State : Synthesized
-------------------------------------------------------------------------------------------------------------

Utilization Design Information

Table of Contents
-----------------
1. Slice Logic
1.1 Summary of Registers by Type
2. Memory
3. DSP
4. IO and GT Specific
5. Clocking
6. Specific Feature
7. Primitives
8. Black Boxes
9. Instantiated Netlists

1. Slice Logic
--------------

+-------------------------+------+-------+------------+-----------+-------+
|        Site Type        | Used | Fixed | Prohibited | Available | Util% |
+-------------------------+------+-------+------------+-----------+-------+
| Slice LUTs*             | 1402 |     0 |          0 |     53200 |  2.64 |
|   LUT as Logic          | 1402 |     0 |          0 |     53200 |  2.64 |
|   LUT as Memory         |    0 |     0 |          0 |     17400 |  0.00 |
| Slice Registers         | 1195 |     0 |          0 |    106400 |  1.12 |
|   Register as Flip Flop | 1159 |     0 |          0 |    106400 |  1.09 |
|   Register as Latch     |   36 |     0 |          0 |    106400 |  0.03 |
| F7 Muxes                |  198 |     0 |          0 |     26600 |  0.74 |
| F8 Muxes                |   34 |     0 |          0 |     13300 |  0.26 |
+-------------------------+------+-------+------------+-----------+-------+
* Warning! The Final LUT count, after physical optimizations and full implementation, is typically lower. Run opt_design after synthesis, if not already completed, for a more realistic count.
Warning! LUT value is adjusted to account for LUT combining.


1.1 Summary of Registers by Type
--------------------------------

+-------+--------------+-------------+--------------+
| Total | Clock Enable | Synchronous | Asynchronous |
+-------+--------------+-------------+--------------+
| 2     |            _ |           - |            - |
| 0     |            _ |           - |          Set |
| 0     |            _ |           - |        Reset |
| 0     |            _ |         Set |            - |
| 0     |            _ |       Reset |            - |
| 0     |          Yes |           - |            - |
| 3     |          Yes |           - |          Set |
| 138   |          Yes |           - |        Reset |
| 0     |          Yes |         Set |            - |
| 1052  |          Yes |       Reset |            - |
+-------+--------------+-------------+--------------+


2. Memory
---------

+----------------+------+-------+------------+-----------+-------+
|    Site Type   | Used | Fixed | Prohibited | Available | Util% |
+----------------+------+-------+------------+-----------+-------+
| Block RAM Tile |    0 |     0 |          0 |       140 |  0.00 |
|   RAMB36/FIFO* |    0 |     0 |          0 |       140 |  0.00 |
|   RAMB18       |    0 |     0 |          0 |       280 |  0.00 |
+----------------+------+-------+------------+-----------+-------+
* Note: Each Block RAM Tile only has one FIFO logic available and therefore can accommodate only one FIFO36E1 or one FIFO18E1. However, if a FIFO18E1 occupies a Block RAM Tile, that tile can still accommodate a RAMB18E1


3. DSP
------

+-----------+------+-------+------------+-----------+-------+
| Site Type | Used | Fixed | Prohibited | Available | Util% |
+-----------+------+-------+------------+-----------+-------+
| DSPs      |    0 |     0 |          0 |       220 |  0.00 |
+-----------+------+-------+------------+-----------+-------+


4. IO and GT Specific
---------------------

+-----------------------------+------+-------+------------+-----------+-------+
|          Site Type          | Used | Fixed | Prohibited | Available | Util% |
+-----------------------------+------+-------+------------+-----------+-------+
| Bonded IOB                  |   26 |     0 |          0 |       125 | 20.80 |
| Bonded IPADs                |    0 |     0 |          0 |         2 |  0.00 |
| Bonded IOPADs               |    0 |     0 |          0 |       130 |  0.00 |
| PHY_CONTROL                 |    0 |     0 |          0 |         4 |  0.00 |
| PHASER_REF                  |    0 |     0 |          0 |         4 |  0.00 |
| OUT_FIFO                    |    0 |     0 |          0 |        16 |  0.00 |
| IN_FIFO                     |    0 |     0 |          0 |        16 |  0.00 |
| IDELAYCTRL                  |    0 |     0 |          0 |         4 |  0.00 |
| IBUFDS                      |    0 |     0 |          0 |       121 |  0.00 |
| PHASER_OUT/PHASER_OUT_PHY   |    0 |     0 |          0 |        16 |  0.00 |
| PHASER_IN/PHASER_IN_PHY     |    0 |     0 |          0 |        16 |  0.00 |
| IDELAYE2/IDELAYE2_FINEDELAY |    0 |     0 |          0 |       200 |  0.00 |
| ILOGIC                      |    0 |     0 |          0 |       125 |  0.00 |
| OLOGIC                      |    0 |     0 |          0 |       125 |  0.00 |
+-----------------------------+------+-------+------------+-----------+-------+


5. Clocking
-----------

+------------+------+-------+------------+-----------+-------+
|  Site Type | Used | Fixed | Prohibited | Available | Util% |
+------------+------+-------+------------+-----------+-------+
| BUFGCTRL   |    1 |     0 |          0 |        32 |  3.13 |
| BUFIO      |    0 |     0 |          0 |        16 |  0.00 |
| MMCME2_ADV |    0 |     0 |          0 |         4 |  0.00 |
| PLLE2_ADV  |    0 |     0 |          0 |         4 |  0.00 |
| BUFMRCE    |    0 |     0 |          0 |         8 |  0.00 |
| BUFHCE     |    0 |     0 |          0 |        72 |  0.00 |
| BUFR       |    0 |     0 |          0 |        16 |  0.00 |
+------------+------+-------+------------+-----------+-------+


6. Specific Feature
-------------------

+-------------+------+-------+------------+-----------+-------+
|  Site Type  | Used | Fixed | Prohibited | Available | Util% |
+-------------+------+-------+------------+-----------+-------+
| BSCANE2     |    0 |     0 |          0 |         4 |  0.00 |
| CAPTUREE2   |    0 |     0 |          0 |         1 |  0.00 |
| DNA_PORT    |    0 |     0 |          0 |         1 |  0.00 |
| EFUSE_USR   |    0 |     0 |          0 |         1 |  0.00 |
| FRAME_ECCE2 |    0 |     0 |          0 |         1 |  0.00 |
| ICAPE2      |    0 |     0 |          0 |         2 |  0.00 |
| STARTUPE2   |    0 |     0 |          0 |         1 |  0.00 |
| XADC        |    0 |     0 |          0 |         1 |  0.00 |
+-------------+------+-------+------------+-----------+-------+


7. Primitives
-------------

+----------+------+---------------------+
| Ref Name | Used | Functional Category |
+----------+------+---------------------+
| FDRE     | 1052 |        Flop & Latch |
| LUT6     |  922 |                 LUT |
| LUT5     |  224 |                 LUT |
| MUXF7    |  198 |               MuxFx |
| LUT3     |  159 |                 LUT |
| LUT4     |  125 |                 LUT |
| FDCE     |  104 |        Flop & Latch |
| LUT2     |   96 |                 LUT |
| LDCE     |   36 |        Flop & Latch |
| CARRY4   |   36 |          CarryLogic |
| MUXF8    |   34 |               MuxFx |
| LUT1     |   33 |                 LUT |
| OBUF     |   19 |                  IO |
| IBUF     |    7 |                  IO |
| FDPE     |    3 |        Flop & Latch |
| BUFG     |    1 |               Clock |
+----------+------+---------------------+


8. Black Boxes
--------------

+-------------------+------+
|      Ref Name     | Used |
+-------------------+------+
| ram_2port_2048x32 |    1 |
| clk_wiz_0         |    1 |
+-------------------+------+


9. Instantiated Netlists
------------------------

+----------+------+
| Ref Name | Used |
+----------+------+


