Vivado Simulator v2022.2.2
Copyright 1986-1999, 2001-2022 Xilinx, Inc. All Rights Reserved.
Running: /home/tony/tools/xilinx/Vivado/2022.2/bin/unwrapped/lnx64.o/xelab --incr --debug typical --relax --mt 8 -L xil_defaultlib -L blk_mem_gen_v8_4_5 -L unisims_ver -L unimacro_ver -L secureip -L xpm --snapshot tb_RV32I_SoC_behav xil_defaultlib.tb_RV32I_SoC xil_defaultlib.glbl -log elaborate.log 
Using 8 slave threads.
Starting static elaboration
Pass Through NonSizing Optimizer
WARNING: [VRFC 10-3091] actual bit length 1 differs from formal bit length 4 for port 'wea' [/mnt/Shared/SoC/Vivado/2_homework/2_homework.srcs/sources_1/new/RV32I_SoC.v:48]
WARNING: [VRFC 10-3091] actual bit length 4 differs from formal bit length 1 for port 'REN' [/mnt/Shared/SoC/Vivado/2_homework/2_homework.srcs/sources_1/new/RV32I_SoC.v:103]
WARNING: [VRFC 10-3091] actual bit length 4 differs from formal bit length 1 for port 'WEN' [/mnt/Shared/SoC/Vivado/2_homework/2_homework.srcs/sources_1/new/RV32I_SoC.v:104]
WARNING: [VRFC 10-3091] actual bit length 32 differs from formal bit length 12 for port 'Addr' [/mnt/Shared/SoC/Vivado/2_homework/2_homework.srcs/sources_1/new/RV32I_SoC.v:105]
WARNING: [VRFC 10-3091] actual bit length 4 differs from formal bit length 1 for port 'REN' [/mnt/Shared/SoC/Vivado/2_homework/2_homework.srcs/sources_1/new/RV32I_SoC.v:123]
WARNING: [VRFC 10-3091] actual bit length 4 differs from formal bit length 1 for port 'WEN' [/mnt/Shared/SoC/Vivado/2_homework/2_homework.srcs/sources_1/new/RV32I_SoC.v:124]
WARNING: [VRFC 10-3091] actual bit length 32 differs from formal bit length 12 for port 'Addr' [/mnt/Shared/SoC/Vivado/2_homework/2_homework.srcs/sources_1/new/RV32I_SoC.v:125]
WARNING: [VRFC 10-3091] actual bit length 32 differs from formal bit length 8 for port 'DataIn' [/mnt/Shared/SoC/Vivado/2_homework/2_homework.srcs/sources_1/new/RV32I_SoC.v:126]
WARNING: [VRFC 10-3091] actual bit length 1 differs from formal bit length 8 for port 'uart_rx_data' [/mnt/Shared/SoC/Vivado/2_homework/2_homework.srcs/sources_1/new/uart_top.v:71]
Completed static elaboration
Starting simulation data flow analysis
Completed simulation data flow analysis
Time Resolution for simulation is 1ps
Compiling module blk_mem_gen_v8_4_5.blk_mem_gen_v8_4_5_output_stage(...
Compiling module blk_mem_gen_v8_4_5.blk_mem_gen_v8_4_5_softecc_outpu...
Compiling module blk_mem_gen_v8_4_5.blk_mem_gen_v8_4_5_mem_module(C_...
Compiling module blk_mem_gen_v8_4_5.blk_mem_gen_v8_4_5(C_FAMILY="zyn...
Compiling module xil_defaultlib.ram_2port_2048x32
Compiling module unisims_ver.IBUF
Compiling module unisims_ver.MMCME2_ADV(CLKFBOUT_MULT_F=8.0,C...
Compiling module unisims_ver.BUFG
Compiling module xil_defaultlib.clk_wiz_0_clk_wiz
Compiling module xil_defaultlib.clk_wiz_0
Compiling module xil_defaultlib.branch_resolution
Compiling module xil_defaultlib.regfile
Compiling module xil_defaultlib.g_2bits
Compiling module xil_defaultlib.p_2bits
Compiling module xil_defaultlib.brent_kung_add_32bit_default
Compiling module xil_defaultlib.alu
Compiling module xil_defaultlib.rv32i_cpu
Compiling module xil_defaultlib.Addr_Decoder
Compiling module xil_defaultlib.GPIO
Compiling module xil_defaultlib.uart_tx
Compiling module xil_defaultlib.uart_rx
Compiling module xil_defaultlib.uart_top
Compiling module xil_defaultlib.seg7
Compiling module xil_defaultlib.RV32I_SoC
Compiling module xil_defaultlib.tb_RV32I_SoC
Compiling module xil_defaultlib.glbl
Built simulation snapshot tb_RV32I_SoC_behav
